SELECT centroid(ARRAY[
    spoint(40.7128, -74.0060),
    spoint(34.0522, -118.2437),
    spoint(37.7749, -122.4194)
]);
                centroid                
----------------------------------------
 (3.04366980631979 , 0.858938068921891)
(1 row)

SELECT centroid('{}');
NOTICE:  array empty
 centroid 
----------
 
(1 row)

CREATE FUNCTION spoint_from_xyz(FLOAT8, FLOAT8, FLOAT8)
   RETURNS spoint
   AS 'pg_sphere', 'spoint_from_xyz'
   LANGUAGE 'c'
   IMMUTABLE STRICT PARALLEL SAFE;
SELECT spoint_from_xyz(1, 0, 0);
 spoint_from_xyz 
-----------------
 (0 , 0)
(1 row)

SELECT spoint_from_xyz(0, 0, 0);
NOTICE:  can`t transform coords to spoint
 spoint_from_xyz 
-----------------
 
(1 row)

SELECT centroid(ARRAY[
    spoint_from_xyz(1, 0, 0),
    spoint_from_xyz(-1, 0, 0)
]);
       centroid        
-----------------------
 (1.5707963267949 , 0)
(1 row)

