-- indexed operations.....
SET enable_indexscan=off;
select count(sp) from spoint_data where sp @ '<(0d,90d),1.0d>'::scircle;
ERROR:  relation "spoint_data" does not exist
LINE 1: select count(sp) from spoint_data where sp @ '<(0d,90d),1.0d...
                              ^
select count(sp) from spoint_data where '<(0d,90d),1.0d>'::scircle ~ sp;
ERROR:  relation "spoint_data" does not exist
LINE 1: select count(sp) from spoint_data where '<(0d,90d),1.0d>'::s...
                              ^
select count(sp) from spoint_data where sp @ '<(0d,90d),1.1d>'::scircle;
ERROR:  relation "spoint_data" does not exist
LINE 1: select count(sp) from spoint_data where sp @ '<(0d,90d),1.1d...
                              ^
select count(sp) from spoint_data where '<(0d,90d),1.1d>'::scircle ~ sp;
ERROR:  relation "spoint_data" does not exist
LINE 1: select count(sp) from spoint_data where '<(0d,90d),1.1d>'::s...
                              ^
select count(sp) from spoint_data where sp @ '<(0d,-90d),1.0d>'::scircle;
ERROR:  relation "spoint_data" does not exist
LINE 1: select count(sp) from spoint_data where sp @ '<(0d,-90d),1.0...
                              ^
select count(sp) from spoint_data where '<(0d,-90d),1.0d>'::scircle ~ sp;
ERROR:  relation "spoint_data" does not exist
LINE 1: select count(sp) from spoint_data where '<(0d,-90d),1.0d>'::...
                              ^
select count(sp) from spoint_data where sp @ '<(0d,-90d),1.1d>'::scircle;
ERROR:  relation "spoint_data" does not exist
LINE 1: select count(sp) from spoint_data where sp @ '<(0d,-90d),1.1...
                              ^
select count(sp) from spoint_data where '<(0d,-90d),1.1d>'::scircle ~ sp;
ERROR:  relation "spoint_data" does not exist
LINE 1: select count(sp) from spoint_data where '<(0d,-90d),1.1d>'::...
                              ^
select count(sp) from spoint_data where sp @ '<(0d,0d),2.1d>'::scircle;
ERROR:  relation "spoint_data" does not exist
LINE 1: select count(sp) from spoint_data where sp @ '<(0d,0d),2.1d>...
                              ^
select count(sp) from spoint_data where '<(0d,0d),2.1d>'::scircle ~ sp;
ERROR:  relation "spoint_data" does not exist
LINE 1: select count(sp) from spoint_data where '<(0d,0d),2.1d>'::sc...
                              ^
select count(sc) from scircle_data where sc && '<(0d,90d),1.0d>';
ERROR:  relation "scircle_data" does not exist
LINE 1: select count(sc) from scircle_data where sc && '<(0d,90d),1....
                              ^
select count(sc) from scircle_data where sc @ '<(0d,90d),1.0d>';
ERROR:  relation "scircle_data" does not exist
LINE 1: select count(sc) from scircle_data where sc @ '<(0d,90d),1.0...
                              ^
select count(sc) from scircle_data where '<(0d,90d),1.0d>' ~ sc;
ERROR:  relation "scircle_data" does not exist
LINE 1: select count(sc) from scircle_data where '<(0d,90d),1.0d>' ~...
                              ^
select count(sc) from scircle_data where sc && '<(0d,90d),1.1d>';
ERROR:  relation "scircle_data" does not exist
LINE 1: select count(sc) from scircle_data where sc && '<(0d,90d),1....
                              ^
select count(sc) from scircle_data where sc @ '<(0d,90d),1.1d>';
ERROR:  relation "scircle_data" does not exist
LINE 1: select count(sc) from scircle_data where sc @ '<(0d,90d),1.1...
                              ^
select count(sc) from scircle_data where '<(0d,90d),1.1d>' ~ sc;
ERROR:  relation "scircle_data" does not exist
LINE 1: select count(sc) from scircle_data where '<(0d,90d),1.1d>' ~...
                              ^
select count(sc) from scircle_data where sc && '<(0d,-90d),1.0d>';
ERROR:  relation "scircle_data" does not exist
LINE 1: select count(sc) from scircle_data where sc && '<(0d,-90d),1...
                              ^
select count(sc) from scircle_data where sc @ '<(0d,-90d),1.0d>';
ERROR:  relation "scircle_data" does not exist
LINE 1: select count(sc) from scircle_data where sc @ '<(0d,-90d),1....
                              ^
select count(sc) from scircle_data where '<(0d,-90d),1.0d>' ~ sc;
ERROR:  relation "scircle_data" does not exist
LINE 1: select count(sc) from scircle_data where '<(0d,-90d),1.0d>' ...
                              ^
select count(sc) from scircle_data where sc && '<(0d,-90d),1.1d>';
ERROR:  relation "scircle_data" does not exist
LINE 1: select count(sc) from scircle_data where sc && '<(0d,-90d),1...
                              ^
select count(sc) from scircle_data where sc @ '<(0d,-90d),1.1d>';
ERROR:  relation "scircle_data" does not exist
LINE 1: select count(sc) from scircle_data where sc @ '<(0d,-90d),1....
                              ^
select count(sc) from scircle_data where '<(0d,-90d),1.1d>' ~ sc;
ERROR:  relation "scircle_data" does not exist
LINE 1: select count(sc) from scircle_data where '<(0d,-90d),1.1d>' ...
                              ^
select count(sc) from scircle_data where sc && '<(0d,0d),2.1d>'::scircle;
ERROR:  relation "scircle_data" does not exist
LINE 1: select count(sc) from scircle_data where sc && '<(0d,0d),2.1...
                              ^
select count(sc) from scircle_data where sc @ '<(0d,0d),2.1d>'::scircle;
ERROR:  relation "scircle_data" does not exist
LINE 1: select count(sc) from scircle_data where sc @ '<(0d,0d),2.1d...
                              ^
select count(sc) from scircle_data where '<(0d,0d),2.1d>'::scircle ~ sc;
ERROR:  relation "scircle_data" does not exist
LINE 1: select count(sc) from scircle_data where '<(0d,0d),2.1d>'::s...
                              ^
SET enable_indexscan=on;
select count(sp) from spoint_data where sp @ '<(0d,90d),1.0d>'::scircle;
ERROR:  relation "spoint_data" does not exist
LINE 1: select count(sp) from spoint_data where sp @ '<(0d,90d),1.0d...
                              ^
select count(sp) from spoint_data where '<(0d,90d),1.0d>'::scircle ~ sp;
ERROR:  relation "spoint_data" does not exist
LINE 1: select count(sp) from spoint_data where '<(0d,90d),1.0d>'::s...
                              ^
select count(sp) from spoint_data where sp @ '<(0d,90d),1.1d>'::scircle;
ERROR:  relation "spoint_data" does not exist
LINE 1: select count(sp) from spoint_data where sp @ '<(0d,90d),1.1d...
                              ^
select count(sp) from spoint_data where '<(0d,90d),1.1d>'::scircle ~ sp;
ERROR:  relation "spoint_data" does not exist
LINE 1: select count(sp) from spoint_data where '<(0d,90d),1.1d>'::s...
                              ^
select count(sp) from spoint_data where sp @ '<(0d,-90d),1.0d>'::scircle;
ERROR:  relation "spoint_data" does not exist
LINE 1: select count(sp) from spoint_data where sp @ '<(0d,-90d),1.0...
                              ^
select count(sp) from spoint_data where '<(0d,-90d),1.0d>'::scircle ~ sp;
ERROR:  relation "spoint_data" does not exist
LINE 1: select count(sp) from spoint_data where '<(0d,-90d),1.0d>'::...
                              ^
select count(sp) from spoint_data where sp @ '<(0d,-90d),1.1d>'::scircle;
ERROR:  relation "spoint_data" does not exist
LINE 1: select count(sp) from spoint_data where sp @ '<(0d,-90d),1.1...
                              ^
select count(sp) from spoint_data where '<(0d,-90d),1.1d>'::scircle ~ sp;
ERROR:  relation "spoint_data" does not exist
LINE 1: select count(sp) from spoint_data where '<(0d,-90d),1.1d>'::...
                              ^
select count(sp) from spoint_data where sp @ '<(0d,0d),2.1d>'::scircle;
ERROR:  relation "spoint_data" does not exist
LINE 1: select count(sp) from spoint_data where sp @ '<(0d,0d),2.1d>...
                              ^
select count(sp) from spoint_data where '<(0d,0d),2.1d>'::scircle ~ sp;
ERROR:  relation "spoint_data" does not exist
LINE 1: select count(sp) from spoint_data where '<(0d,0d),2.1d>'::sc...
                              ^
select count(sc) from scircle_data where sc && '<(0d,90d),1.0d>';
ERROR:  relation "scircle_data" does not exist
LINE 1: select count(sc) from scircle_data where sc && '<(0d,90d),1....
                              ^
select count(sc) from scircle_data where sc @ '<(0d,90d),1.0d>';
ERROR:  relation "scircle_data" does not exist
LINE 1: select count(sc) from scircle_data where sc @ '<(0d,90d),1.0...
                              ^
select count(sc) from scircle_data where '<(0d,90d),1.0d>' ~ sc;
ERROR:  relation "scircle_data" does not exist
LINE 1: select count(sc) from scircle_data where '<(0d,90d),1.0d>' ~...
                              ^
select count(sc) from scircle_data where sc && '<(0d,90d),1.1d>';
ERROR:  relation "scircle_data" does not exist
LINE 1: select count(sc) from scircle_data where sc && '<(0d,90d),1....
                              ^
select count(sc) from scircle_data where sc @ '<(0d,90d),1.1d>';
ERROR:  relation "scircle_data" does not exist
LINE 1: select count(sc) from scircle_data where sc @ '<(0d,90d),1.1...
                              ^
select count(sc) from scircle_data where '<(0d,90d),1.1d>' ~ sc;
ERROR:  relation "scircle_data" does not exist
LINE 1: select count(sc) from scircle_data where '<(0d,90d),1.1d>' ~...
                              ^
select count(sc) from scircle_data where sc && '<(0d,-90d),1.0d>';
ERROR:  relation "scircle_data" does not exist
LINE 1: select count(sc) from scircle_data where sc && '<(0d,-90d),1...
                              ^
select count(sc) from scircle_data where sc @ '<(0d,-90d),1.0d>';
ERROR:  relation "scircle_data" does not exist
LINE 1: select count(sc) from scircle_data where sc @ '<(0d,-90d),1....
                              ^
select count(sc) from scircle_data where '<(0d,-90d),1.0d>' ~ sc;
ERROR:  relation "scircle_data" does not exist
LINE 1: select count(sc) from scircle_data where '<(0d,-90d),1.0d>' ...
                              ^
select count(sc) from scircle_data where sc && '<(0d,-90d),1.1d>';
ERROR:  relation "scircle_data" does not exist
LINE 1: select count(sc) from scircle_data where sc && '<(0d,-90d),1...
                              ^
select count(sc) from scircle_data where sc @ '<(0d,-90d),1.1d>';
ERROR:  relation "scircle_data" does not exist
LINE 1: select count(sc) from scircle_data where sc @ '<(0d,-90d),1....
                              ^
select count(sc) from scircle_data where '<(0d,-90d),1.1d>' ~ sc;
ERROR:  relation "scircle_data" does not exist
LINE 1: select count(sc) from scircle_data where '<(0d,-90d),1.1d>' ...
                              ^
select count(sc) from scircle_data where sc && '<(0d,0d),2.1d>'::scircle;
ERROR:  relation "scircle_data" does not exist
LINE 1: select count(sc) from scircle_data where sc && '<(0d,0d),2.1...
                              ^
select count(sc) from scircle_data where sc @ '<(0d,0d),2.1d>'::scircle;
ERROR:  relation "scircle_data" does not exist
LINE 1: select count(sc) from scircle_data where sc @ '<(0d,0d),2.1d...
                              ^
select count(sc) from scircle_data where '<(0d,0d),2.1d>'::scircle ~ sc;
ERROR:  relation "scircle_data" does not exist
LINE 1: select count(sc) from scircle_data where '<(0d,0d),2.1d>'::s...
                              ^
-- "Cross-correlation" about 30 seconds on PIII-750
select count(spoint_data.sp) from spoint_data,scircle_data where spoint_data.sp @ scircle_data.sc;
ERROR:  relation "spoint_data" does not exist
LINE 1: select count(spoint_data.sp) from spoint_data,scircle_data w...
                                          ^
