\set ECHO none
ERROR:  function set_sphere_output_precision(integer) does not exist
LINE 1: SELECT set_sphere_output_precision(8);
               ^
HINT:  No function matches the given name and argument types. You might need to add explicit type casts.
-- Input/Output ---
SELECT set_sphere_output( 'RAD' );
ERROR:  function set_sphere_output(unknown) does not exist
LINE 1: SELECT set_sphere_output( 'RAD' );
               ^
HINT:  No function matches the given name and argument types. You might need to add explicit type casts.
SELECT '< (1h 2m 30s , +1d 2m 30s), 1.0d >'::scircle;
ERROR:  type "scircle" does not exist
LINE 1: SELECT '< (1h 2m 30s , +1d 2m 30s), 1.0d >'::scircle;
                                                     ^
SELECT '< (1h 2m 30s , +1d 2m 30s), 1d 30m >'::scircle;
ERROR:  type "scircle" does not exist
LINE 1: SELECT '< (1h 2m 30s , +1d 2m 30s), 1d 30m >'::scircle;
                                                       ^
SELECT '< (1h 2m 30s , +1d 2m 30s), 0.1 >'::scircle;
ERROR:  type "scircle" does not exist
LINE 1: SELECT '< (1h 2m 30s , +1d 2m 30s), 0.1 >'::scircle;
                                                    ^
SELECT '< (1h 2m 30s , +1d 2m 30s), 90d >'::scircle;
ERROR:  type "scircle" does not exist
LINE 1: SELECT '< (1h 2m 30s , +1d 2m 30s), 90d >'::scircle;
                                                    ^
SELECT set_sphere_output( 'DEG' );
ERROR:  function set_sphere_output(unknown) does not exist
LINE 1: SELECT set_sphere_output( 'DEG' );
               ^
HINT:  No function matches the given name and argument types. You might need to add explicit type casts.
SELECT '< (1h 2m 30s , +1d 2m 30s), 1.0d >'::scircle;
ERROR:  type "scircle" does not exist
LINE 1: SELECT '< (1h 2m 30s , +1d 2m 30s), 1.0d >'::scircle;
                                                     ^
SELECT '< (1h 2m 30s , +1d 2m 30s), 1d 30m >'::scircle;
ERROR:  type "scircle" does not exist
LINE 1: SELECT '< (1h 2m 30s , +1d 2m 30s), 1d 30m >'::scircle;
                                                       ^
SELECT '< (1h 2m 30s , +1d 2m 30s), 0.1 >'::scircle;
ERROR:  type "scircle" does not exist
LINE 1: SELECT '< (1h 2m 30s , +1d 2m 30s), 0.1 >'::scircle;
                                                    ^
SELECT '< (1h 2m 30s , +1d 2m 30s), 90d >'::scircle;
ERROR:  type "scircle" does not exist
LINE 1: SELECT '< (1h 2m 30s , +1d 2m 30s), 90d >'::scircle;
                                                    ^
SELECT set_sphere_output( 'DMS' );
ERROR:  function set_sphere_output(unknown) does not exist
LINE 1: SELECT set_sphere_output( 'DMS' );
               ^
HINT:  No function matches the given name and argument types. You might need to add explicit type casts.
SELECT '< (1h 2m 30s , +1d 2m 30s), 1.0d >'::scircle;
ERROR:  type "scircle" does not exist
LINE 1: SELECT '< (1h 2m 30s , +1d 2m 30s), 1.0d >'::scircle;
                                                     ^
SELECT '< (1h 2m 30s , +1d 2m 30s), 1d 30m >'::scircle;
ERROR:  type "scircle" does not exist
LINE 1: SELECT '< (1h 2m 30s , +1d 2m 30s), 1d 30m >'::scircle;
                                                       ^
SELECT '< (1h 2m 30s , +1d 2m 30s), 0.1 >'::scircle;
ERROR:  type "scircle" does not exist
LINE 1: SELECT '< (1h 2m 30s , +1d 2m 30s), 0.1 >'::scircle;
                                                    ^
SELECT '< (1h 2m 30s , +1d 2m 30s), 90d >'::scircle;
ERROR:  type "scircle" does not exist
LINE 1: SELECT '< (1h 2m 30s , +1d 2m 30s), 90d >'::scircle;
                                                    ^
SELECT set_sphere_output( 'HMS' );
ERROR:  function set_sphere_output(unknown) does not exist
LINE 1: SELECT set_sphere_output( 'HMS' );
               ^
HINT:  No function matches the given name and argument types. You might need to add explicit type casts.
SELECT '< (1h 2m 30s , +1d 2m 30s), 1.0d >'::scircle;
ERROR:  type "scircle" does not exist
LINE 1: SELECT '< (1h 2m 30s , +1d 2m 30s), 1.0d >'::scircle;
                                                     ^
SELECT '< (1h 2m 30s , +1d 2m 30s), 1d 30m >'::scircle;
ERROR:  type "scircle" does not exist
LINE 1: SELECT '< (1h 2m 30s , +1d 2m 30s), 1d 30m >'::scircle;
                                                       ^
SELECT '< (1h 2m 30s , +1d 2m 30s), 0.1 >'::scircle;
ERROR:  type "scircle" does not exist
LINE 1: SELECT '< (1h 2m 30s , +1d 2m 30s), 0.1 >'::scircle;
                                                    ^
SELECT '< (1h 2m 30s , +1d 2m 30s), 90d >'::scircle;
ERROR:  type "scircle" does not exist
LINE 1: SELECT '< (1h 2m 30s , +1d 2m 30s), 90d >'::scircle;
                                                    ^
SELECT set_sphere_output( 'DMS' );
ERROR:  function set_sphere_output(unknown) does not exist
LINE 1: SELECT set_sphere_output( 'DMS' );
               ^
HINT:  No function matches the given name and argument types. You might need to add explicit type casts.
-- Functions
-- checking spherical circle operators
SELECT scircle '<(0, 90d),1>'   = '<(0, 90d),1>' ;
ERROR:  type "scircle" does not exist
LINE 1: SELECT scircle '<(0, 90d),1>'   = '<(0, 90d),1>' ;
               ^
SELECT scircle '<(0,-90d),1>'  <> '<(0, 90d),1>' ;
ERROR:  type "scircle" does not exist
LINE 1: SELECT scircle '<(0,-90d),1>'  <> '<(0, 90d),1>' ;
               ^
-- float8 dist(scircle,scircle)
SELECT 180.0*dist('<( 0h 2m 30s , 10d 0m 0s), 0.1d>'::scircle,'<( 0h 2m 30s , -10d 0m 0s),0.1d>'::scircle)/pi();
ERROR:  type "scircle" does not exist
LINE 1: ...CT 180.0*dist('<( 0h 2m 30s , 10d 0m 0s), 0.1d>'::scircle,'<...
                                                             ^
SELECT 180.0*dist('<( 0h 0m 00s , 0d 0m 0s), 1.0d>'::scircle,'<( 1h 0m 00s , 0d 0m 0s),1.0d>'::scircle)/pi();
ERROR:  type "scircle" does not exist
LINE 1: ...ECT 180.0*dist('<( 0h 0m 00s , 0d 0m 0s), 1.0d>'::scircle,'<...
                                                             ^
SELECT 180.0*dist('<( 23h 30m 00s , 0d 0m 0s), 1.0d>'::scircle,'<( 1h 0m 00s , 0d 0m 0s),1.5d>'::scircle)/pi();
ERROR:  type "scircle" does not exist
LINE 1: ...T 180.0*dist('<( 23h 30m 00s , 0d 0m 0s), 1.0d>'::scircle,'<...
                                                             ^
SELECT 180.0*dist('<( 0h 40m 00s , 0d 0m 0s), 1.0d>'::scircle,'<( 0h 50m 00s , 0d 0m 0s),1.0d>'::scircle)/pi();
ERROR:  type "scircle" does not exist
LINE 1: ...CT 180.0*dist('<( 0h 40m 00s , 0d 0m 0s), 1.0d>'::scircle,'<...
                                                             ^
SELECT 180.0*dist('<( 0h 40m 00s , 0d 0m 0s), 1.5d>'::scircle,'<( 0h 50m 00s , 0d 0m 0s),1.5d>'::scircle)/pi();
ERROR:  type "scircle" does not exist
LINE 1: ...CT 180.0*dist('<( 0h 40m 00s , 0d 0m 0s), 1.5d>'::scircle,'<...
                                                             ^
SELECT 180.0*dist('<( 0h 40m 00s , 90d 0m 0s), 1.5d>'::scircle,'<( 0h 50m 00s , 0d 0m 0s),1.5d>'::scircle)/pi();
ERROR:  type "scircle" does not exist
LINE 1: ...T 180.0*dist('<( 0h 40m 00s , 90d 0m 0s), 1.5d>'::scircle,'<...
                                                             ^
SELECT 180.0*dist('<( 0h 40m 00s , 90d 0m 0s), 1.0d>'::scircle,'<( 0h 50m 00s , -90d 0m 0s),1.0d>'::scircle)/pi();
ERROR:  type "scircle" does not exist
LINE 1: ...T 180.0*dist('<( 0h 40m 00s , 90d 0m 0s), 1.0d>'::scircle,'<...
                                                             ^
-- spoint center(scircle)
SELECT center('< (1h 2m 30s , +1d 2m 30s), 1.0d >'::scircle);
ERROR:  type "scircle" does not exist
LINE 1: ...ELECT center('< (1h 2m 30s , +1d 2m 30s), 1.0d >'::scircle);
                                                              ^
SELECT center('< (1h 2m 30s , +90d 0m 0s), 1.0d >'::scircle);
ERROR:  type "scircle" does not exist
LINE 1: ...ELECT center('< (1h 2m 30s , +90d 0m 0s), 1.0d >'::scircle);
                                                              ^
-- scircle scircle(spoint)
SELECT scircle('(0d,0d)'::spoint);
ERROR:  type "spoint" does not exist
LINE 1: SELECT scircle('(0d,0d)'::spoint);
                                  ^
SELECT scircle('(0d,90d)'::spoint);
ERROR:  type "spoint" does not exist
LINE 1: SELECT scircle('(0d,90d)'::spoint);
                                   ^
SELECT scircle('(0d,-90d)'::spoint);
ERROR:  type "spoint" does not exist
LINE 1: SELECT scircle('(0d,-90d)'::spoint);
                                    ^
-- Operators
-- = operator
-- should be "true"
SELECT '< (1h 0m 0s,+1d), 1.5d >'::scircle='< (1h 0m 0s,+1d), 1.5d >'::scircle ;
ERROR:  type "scircle" does not exist
LINE 1: SELECT '< (1h 0m 0s,+1d), 1.5d >'::scircle='< (1h 0m 0s,+1d)...
                                           ^
SELECT '< (1h 0m 0s,+1d), 1.5d >'::scircle='< (25h 0m 0s,+1d), 1d 30m >'::scircle ;
ERROR:  type "scircle" does not exist
LINE 1: SELECT '< (1h 0m 0s,+1d), 1.5d >'::scircle='< (25h 0m 0s,+1d...
                                           ^
SELECT '< (1h 0m 0s,+95d), 1.5d >'::scircle='< (13h 0m 0s,+85d), 1.5d >'::scircle ;
ERROR:  type "scircle" does not exist
LINE 1: SELECT '< (1h 0m 0s,+95d), 1.5d >'::scircle='< (13h 0m 0s,+8...
                                            ^
SELECT '< (1h 0m 0s,-95d), 1.5d >'::scircle='< (13h 0m 0s,-85d), 1.5d >'::scircle ;
ERROR:  type "scircle" does not exist
LINE 1: SELECT '< (1h 0m 0s,-95d), 1.5d >'::scircle='< (13h 0m 0s,-8...
                                            ^
SELECT '< (1h 0m 0s,+90d), 1.5d >'::scircle='< (2h 0m 0s,+90d), 1.5d >'::scircle ;
ERROR:  type "scircle" does not exist
LINE 1: SELECT '< (1h 0m 0s,+90d), 1.5d >'::scircle='< (2h 0m 0s,+90...
                                            ^
SELECT '< (1h 0m 0s,-90d), 1.5d >'::scircle='< (2h 0m 0s,-90d), 1.5d >'::scircle ;
ERROR:  type "scircle" does not exist
LINE 1: SELECT '< (1h 0m 0s,-90d), 1.5d >'::scircle='< (2h 0m 0s,-90...
                                            ^
-- should be "false"
SELECT '< (1h 0m 0s,+1d), 1.5d >'::scircle='< (1h 0m 0s,-1d), 1.5d >'::scircle ;
ERROR:  type "scircle" does not exist
LINE 1: SELECT '< (1h 0m 0s,+1d), 1.5d >'::scircle='< (1h 0m 0s,-1d)...
                                           ^
SELECT '< (1h 0m 0s,+1d), 1.5d >'::scircle='< (1h 0m 0s,+1d), 2.5d >'::scircle ;
ERROR:  type "scircle" does not exist
LINE 1: SELECT '< (1h 0m 0s,+1d), 1.5d >'::scircle='< (1h 0m 0s,+1d)...
                                           ^
-- <> operator
-- should be "false"
SELECT '< (1h 0m 0s,+1d), 1.5d >'::scircle <> '< (1h 0m 0s,+1d), 1.5d >'::scircle ;
ERROR:  type "scircle" does not exist
LINE 1: SELECT '< (1h 0m 0s,+1d), 1.5d >'::scircle <> '< (1h 0m 0s,+...
                                           ^
SELECT '< (1h 0m 0s,+1d), 1.5d >'::scircle <> '< (25h 0m 0s,+1d), 1d 30m >'::scircle ;
ERROR:  type "scircle" does not exist
LINE 1: SELECT '< (1h 0m 0s,+1d), 1.5d >'::scircle <> '< (25h 0m 0s,...
                                           ^
SELECT '< (1h 0m 0s,+95d), 1.5d >'::scircle <> '< (13h 0m 0s,+85d), 1.5d >'::scircle ;
ERROR:  type "scircle" does not exist
LINE 1: SELECT '< (1h 0m 0s,+95d), 1.5d >'::scircle <> '< (13h 0m 0s...
                                            ^
SELECT '< (1h 0m 0s,-95d), 1.5d >'::scircle <> '< (13h 0m 0s,-85d), 1.5d >'::scircle ;
ERROR:  type "scircle" does not exist
LINE 1: SELECT '< (1h 0m 0s,-95d), 1.5d >'::scircle <> '< (13h 0m 0s...
                                            ^
SELECT '< (1h 0m 0s,+90d), 1.5d >'::scircle <> '< (2h 0m 0s,+90d), 1.5d >'::scircle ;
ERROR:  type "scircle" does not exist
LINE 1: SELECT '< (1h 0m 0s,+90d), 1.5d >'::scircle <> '< (2h 0m 0s,...
                                            ^
SELECT '< (1h 0m 0s,-90d), 1.5d >'::scircle <> '< (2h 0m 0s,-90d), 1.5d >'::scircle ;
ERROR:  type "scircle" does not exist
LINE 1: SELECT '< (1h 0m 0s,-90d), 1.5d >'::scircle <> '< (2h 0m 0s,...
                                            ^
-- should be "true"
SELECT '< (1h 0m 0s,+1d), 1.5d >'::scircle <> '< (1h 0m 0s,-1d), 1.5d >'::scircle ;
ERROR:  type "scircle" does not exist
LINE 1: SELECT '< (1h 0m 0s,+1d), 1.5d >'::scircle <> '< (1h 0m 0s,-...
                                           ^
SELECT '< (1h 0m 0s,+1d), 1.5d >'::scircle <> '< (1h 0m 0s,+1d), 2.5d >'::scircle ;
ERROR:  type "scircle" does not exist
LINE 1: SELECT '< (1h 0m 0s,+1d), 1.5d >'::scircle <> '< (1h 0m 0s,+...
                                           ^
-- && operator
-- should be "true"
SELECT  '< (1h 0m 0s,+1d), 1.5d >'::scircle && '< (1h 0m 0s,+1d), 1.5d >'::scircle;
ERROR:  type "scircle" does not exist
LINE 1: SELECT  '< (1h 0m 0s,+1d), 1.5d >'::scircle && '< (1h 0m 0s,...
                                            ^
SELECT  '< (1h 0m 0s,+1d), 1.5d >'::scircle && '< (1h 0m 0s,+1d), 0.5d >'::scircle;
ERROR:  type "scircle" does not exist
LINE 1: SELECT  '< (1h 0m 0s,+1d), 1.5d >'::scircle && '< (1h 0m 0s,...
                                            ^
SELECT  '< (1h 0m 0s,+1d), 1.5d >'::scircle && '< (1h 0m 0s,-1d), 1.5d >'::scircle;
ERROR:  type "scircle" does not exist
LINE 1: SELECT  '< (1h 0m 0s,+1d), 1.5d >'::scircle && '< (1h 0m 0s,...
                                            ^
SELECT  '< (1h 0m 0s,0d), 15d >'::scircle && '< (0h 0m 0s,0d), 15d >'::scircle;
ERROR:  type "scircle" does not exist
LINE 1: SELECT  '< (1h 0m 0s,0d), 15d >'::scircle && '< (0h 0m 0s,0d...
                                          ^
SELECT  '< (2h 0m 0s,0d), 15d >'::scircle && '< (0h 0m 0.1s,0d), 15d >'::scircle;
ERROR:  type "scircle" does not exist
LINE 1: SELECT  '< (2h 0m 0s,0d), 15d >'::scircle && '< (0h 0m 0.1s,...
                                          ^
SELECT  '< (1h 0m 0s,0d), 15d >'::scircle && '< (23h 0m 0.1s,0d), 15d >'::scircle;
ERROR:  type "scircle" does not exist
LINE 1: SELECT  '< (1h 0m 0s,0d), 15d >'::scircle && '< (23h 0m 0.1s...
                                          ^
-- should be "false"
SELECT  '< (1h 0m 0s,+1d), 0.5d >'::scircle && '< (1h 0m 0s,-1d), 0.5d >'::scircle;
ERROR:  type "scircle" does not exist
LINE 1: SELECT  '< (1h 0m 0s,+1d), 0.5d >'::scircle && '< (1h 0m 0s,...
                                            ^
SELECT  '< (1d 0m 0s,+1d), 1.0d >'::scircle && '< (0d 0m 0s,0d), 0.1d >'::scircle;
ERROR:  type "scircle" does not exist
LINE 1: SELECT  '< (1d 0m 0s,+1d), 1.0d >'::scircle && '< (0d 0m 0s,...
                                            ^
-- @@ operator
SELECT @@ '< (1h 2m 3s , +1d 2m 3s), 1.0d >'::scircle;
ERROR:  type "scircle" does not exist
LINE 1: SELECT @@ '< (1h 2m 3s , +1d 2m 3s), 1.0d >'::scircle;
                                                      ^
SELECT @@ '< (1h 2m 3s , +90d 0m 0s), 1.0d >'::scircle;
ERROR:  type "scircle" does not exist
LINE 1: SELECT @@ '< (1h 2m 3s , +90d 0m 0s), 1.0d >'::scircle;
                                                       ^
-- <-> operator
SELECT 180.0*('<( 0h 2m 30s , 10d 0m 0s), 0.1d>'::scircle<->'<( 0h 2m 30s , -10d 0m 0s),0.1d>'::scircle)/pi();
ERROR:  type "scircle" does not exist
LINE 1: SELECT 180.0*('<( 0h 2m 30s , 10d 0m 0s), 0.1d>'::scircle<->...
                                                          ^
SELECT 180.0*('<( 0h 0m 00s , 0d 0m 0s), 1.0d>'::scircle<->'<( 1h 0m 00s , 0d 0m 0s),1.0d>'::scircle)/pi();
ERROR:  type "scircle" does not exist
LINE 1: SELECT 180.0*('<( 0h 0m 00s , 0d 0m 0s), 1.0d>'::scircle<->'...
                                                         ^
SELECT 180.0*('<( 23h 30m 00s , 0d 0m 0s), 1.0d>'::scircle<->'<( 1h 0m 00s , 0d 0m 0s),1.5d>'::scircle)/pi();
ERROR:  type "scircle" does not exist
LINE 1: ...ELECT 180.0*('<( 23h 30m 00s , 0d 0m 0s), 1.0d>'::scircle<->...
                                                             ^
SELECT 180.0*('<( 0h 40m 00s , 0d 0m 0s), 1.0d>'::scircle<->'<( 0h 50m 00s , 0d 0m 0s),1.0d>'::scircle)/pi();
ERROR:  type "scircle" does not exist
LINE 1: SELECT 180.0*('<( 0h 40m 00s , 0d 0m 0s), 1.0d>'::scircle<->...
                                                          ^
SELECT 180.0*('<( 0h 40m 00s , 0d 0m 0s), 1.5d>'::scircle<->'<( 0h 50m 00s , 0d 0m 0s),1.5d>'::scircle)/pi();
ERROR:  type "scircle" does not exist
LINE 1: SELECT 180.0*('<( 0h 40m 00s , 0d 0m 0s), 1.5d>'::scircle<->...
                                                          ^
SELECT 180.0*('<( 0h 40m 00s , 90d 0m 0s), 1.5d>'::scircle<->'<( 0h 50m 00s , 0d 0m 0s),1.5d>'::scircle)/pi();
ERROR:  type "scircle" does not exist
LINE 1: ...ELECT 180.0*('<( 0h 40m 00s , 90d 0m 0s), 1.5d>'::scircle<->...
                                                             ^
SELECT 180.0*('<( 0h 40m 00s , 90d 0m 0s), 1.0d>'::scircle<->'<( 0h 50m 00s , -90d 0m 0s),1.0d>'::scircle)/pi();
ERROR:  type "scircle" does not exist
LINE 1: ...ELECT 180.0*('<( 0h 40m 00s , 90d 0m 0s), 1.0d>'::scircle<->...
                                                             ^
-- scircle @ scircle operator
-- should be "true"
SELECT  '< (1h 0m 0s,+1d),  0.5d >'::scircle @ '< (1h 0m 0s,+1d),  1.5d >'::scircle;
ERROR:  type "scircle" does not exist
LINE 1: SELECT  '< (1h 0m 0s,+1d),  0.5d >'::scircle @ '< (1h 0m 0s,...
                                             ^
SELECT  '< (2d 0m 0s,+1d),  0.5d >'::scircle @ '< (1d 0m 0s,0d),   3.5d >'::scircle;
ERROR:  type "scircle" does not exist
LINE 1: SELECT  '< (2d 0m 0s,+1d),  0.5d >'::scircle @ '< (1d 0m 0s,...
                                             ^
SELECT  '< (1h 0m 0s,+89d), 0.5d >'::scircle @ '< (1h 0m 0s,+90d), 1.5d >'::scircle;
ERROR:  type "scircle" does not exist
LINE 1: SELECT  '< (1h 0m 0s,+89d), 0.5d >'::scircle @ '< (1h 0m 0s,...
                                             ^
SELECT  '< (1h 0m 0s,-89d), 0.5d >'::scircle @ '< (1h 0m 0s,-90d), 1.5d >'::scircle;
ERROR:  type "scircle" does not exist
LINE 1: SELECT  '< (1h 0m 0s,-89d), 0.5d >'::scircle @ '< (1h 0m 0s,...
                                             ^
-- should be "false"
SELECT  '< (1h 0m 0s,+1d),  0.5d >'::scircle @ '< (2h 0m 0s,+1d),  1.5d >'::scircle;
ERROR:  type "scircle" does not exist
LINE 1: SELECT  '< (1h 0m 0s,+1d),  0.5d >'::scircle @ '< (2h 0m 0s,...
                                             ^
SELECT  '< (2d 0m 0s,+1d),  1.5d >'::scircle @ '< (0d 0m 0s, 0d),  3.5d >'::scircle;
ERROR:  type "scircle" does not exist
LINE 1: SELECT  '< (2d 0m 0s,+1d),  1.5d >'::scircle @ '< (0d 0m 0s,...
                                             ^
SELECT  '< (1h 0m 0s,+89d), 0.5d >'::scircle @ '< (1h 0m 0s,+90d), 1.0d >'::scircle;
ERROR:  type "scircle" does not exist
LINE 1: SELECT  '< (1h 0m 0s,+89d), 0.5d >'::scircle @ '< (1h 0m 0s,...
                                             ^
SELECT  '< (1h 0m 0s,-89d), 0.5d >'::scircle @ '< (1h 0m 0s,-90d), 1.0d >'::scircle;
ERROR:  type "scircle" does not exist
LINE 1: SELECT  '< (1h 0m 0s,-89d), 0.5d >'::scircle @ '< (1h 0m 0s,...
                                             ^
-- scircle ~ scircle operator
-- should be "true"
SELECT '< (1h 0m 0s,+1d),  1.5d >'::scircle  ~ '< (1h 0m 0s,+1d),  0.5d >'::scircle;
ERROR:  type "scircle" does not exist
LINE 1: SELECT '< (1h 0m 0s,+1d),  1.5d >'::scircle  ~ '< (1h 0m 0s,...
                                            ^
SELECT '< (1d 0m 0s,0d),   3.5d >'::scircle  ~ '< (2d 0m 0s,+1d),  0.5d >'::scircle;
ERROR:  type "scircle" does not exist
LINE 1: SELECT '< (1d 0m 0s,0d),   3.5d >'::scircle  ~ '< (2d 0m 0s,...
                                            ^
SELECT '< (1h 0m 0s,+90d), 1.5d >'::scircle  ~ '< (1h 0m 0s,+89d), 0.5d >'::scircle;
ERROR:  type "scircle" does not exist
LINE 1: SELECT '< (1h 0m 0s,+90d), 1.5d >'::scircle  ~ '< (1h 0m 0s,...
                                            ^
SELECT '< (1h 0m 0s,-90d), 1.5d >'::scircle  ~ '< (1h 0m 0s,-89d), 0.5d >'::scircle;
ERROR:  type "scircle" does not exist
LINE 1: SELECT '< (1h 0m 0s,-90d), 1.5d >'::scircle  ~ '< (1h 0m 0s,...
                                            ^
-- should be "false"
SELECT '< (2h 0m 0s,+1d),  1.5d >'::scircle  ~ '< (1h 0m 0s,+1d),  0.5d >'::scircle;
ERROR:  type "scircle" does not exist
LINE 1: SELECT '< (2h 0m 0s,+1d),  1.5d >'::scircle  ~ '< (1h 0m 0s,...
                                            ^
SELECT '< (0d 0m 0s, 0d),  3.5d >'::scircle  ~ '< (2d 0m 0s,+1d),  1.5d >'::scircle;
ERROR:  type "scircle" does not exist
LINE 1: SELECT '< (0d 0m 0s, 0d),  3.5d >'::scircle  ~ '< (2d 0m 0s,...
                                            ^
SELECT '< (1h 0m 0s,+90d), 1.0d >'::scircle  ~ '< (1h 0m 0s,+89d), 0.5d >'::scircle;
ERROR:  type "scircle" does not exist
LINE 1: SELECT '< (1h 0m 0s,+90d), 1.0d >'::scircle  ~ '< (1h 0m 0s,...
                                            ^
SELECT '< (1h 0m 0s,-90d), 1.0d >'::scircle  ~ '< (1h 0m 0s,-89d), 0.5d >'::scircle;
ERROR:  type "scircle" does not exist
LINE 1: SELECT '< (1h 0m 0s,-90d), 1.0d >'::scircle  ~ '< (1h 0m 0s,...
                                            ^
-- spoint @ scircle operator
-- should be "true"
SELECT  '(1h 0m 0s,+1d) '::spoint @ '< (1h 0m 0s,+1d),  1.5d >'::scircle;
ERROR:  type "spoint" does not exist
LINE 1: SELECT  '(1h 0m 0s,+1d) '::spoint @ '< (1h 0m 0s,+1d),  1.5d...
                                   ^
SELECT  '(2d 0m 0s,+1d) '::spoint @ '< (1d 0m 0s, 0d),  3.5d >'::scircle;
ERROR:  type "spoint" does not exist
LINE 1: SELECT  '(2d 0m 0s,+1d) '::spoint @ '< (1d 0m 0s, 0d),  3.5d...
                                   ^
SELECT  '(1h 0m 0s,+89d)'::spoint @ '< (1h 0m 0s,+90d), 1.5d >'::scircle;
ERROR:  type "spoint" does not exist
LINE 1: SELECT  '(1h 0m 0s,+89d)'::spoint @ '< (1h 0m 0s,+90d), 1.5d...
                                   ^
SELECT  '(1h 0m 0s,-89d)'::spoint @ '< (1h 0m 0s,-90d), 1.5d >'::scircle;
ERROR:  type "spoint" does not exist
LINE 1: SELECT  '(1h 0m 0s,-89d)'::spoint @ '< (1h 0m 0s,-90d), 1.5d...
                                   ^
SELECT  '(1h 0m 0s,+89d)'::spoint @ '< (1h 0m 0s,+90d), 1.0d >'::scircle;
ERROR:  type "spoint" does not exist
LINE 1: SELECT  '(1h 0m 0s,+89d)'::spoint @ '< (1h 0m 0s,+90d), 1.0d...
                                   ^
SELECT  '(1h 0m 0s,-89d)'::spoint @ '< (1h 0m 0s,-90d), 1.0d >'::scircle;
ERROR:  type "spoint" does not exist
LINE 1: SELECT  '(1h 0m 0s,-89d)'::spoint @ '< (1h 0m 0s,-90d), 1.0d...
                                   ^
-- should be "false"
SELECT  '(1h 0m  0s,+1d    )'::spoint @ '< (2h 0m 0s,-1d),  1.5d >'::scircle;
ERROR:  type "spoint" does not exist
LINE 1: SELECT  '(1h 0m  0s,+1d    )'::spoint @ '< (2h 0m 0s,-1d),  ...
                                       ^
SELECT  '(3d 30m 0s,+1d    )'::spoint @ '< (0d 0m 0s, 0d),  3.5d >'::scircle;
ERROR:  type "spoint" does not exist
LINE 1: SELECT  '(3d 30m 0s,+1d    )'::spoint @ '< (0d 0m 0s, 0d),  ...
                                       ^
SELECT  '(1h 0m  0s,+88.99d)'::spoint @ '< (1h 0m 0s,+90d), 1.0d >'::scircle;
ERROR:  type "spoint" does not exist
LINE 1: SELECT  '(1h 0m  0s,+88.99d)'::spoint @ '< (1h 0m 0s,+90d), ...
                                       ^
SELECT  '(1h 0m  0s,-88.99d)'::spoint @ '< (1h 0m 0s,-90d), 1.0d >'::scircle;
ERROR:  type "spoint" does not exist
LINE 1: SELECT  '(1h 0m  0s,-88.99d)'::spoint @ '< (1h 0m 0s,-90d), ...
                                       ^
-- spoint ~ scircle operator
-- should be "true"
SELECT '< (1h 0m 0s,+1d),  1.5d >'::scircle ~ '(1h 0m 0s,+1d) '::spoint;
ERROR:  type "scircle" does not exist
LINE 1: SELECT '< (1h 0m 0s,+1d),  1.5d >'::scircle ~ '(1h 0m 0s,+1d...
                                            ^
SELECT '< (1d 0m 0s, 0d),  3.5d >'::scircle ~ '(2d 0m 0s,+1d) '::spoint;
ERROR:  type "scircle" does not exist
LINE 1: SELECT '< (1d 0m 0s, 0d),  3.5d >'::scircle ~ '(2d 0m 0s,+1d...
                                            ^
SELECT '< (1h 0m 0s,+90d), 1.5d >'::scircle ~ '(1h 0m 0s,+89d)'::spoint;
ERROR:  type "scircle" does not exist
LINE 1: SELECT '< (1h 0m 0s,+90d), 1.5d >'::scircle ~ '(1h 0m 0s,+89...
                                            ^
SELECT '< (1h 0m 0s,-90d), 1.5d >'::scircle ~ '(1h 0m 0s,-89d)'::spoint;
ERROR:  type "scircle" does not exist
LINE 1: SELECT '< (1h 0m 0s,-90d), 1.5d >'::scircle ~ '(1h 0m 0s,-89...
                                            ^
SELECT '< (1h 0m 0s,+90d), 1.0d >'::scircle ~ '(1h 0m 0s,+89d)'::spoint;
ERROR:  type "scircle" does not exist
LINE 1: SELECT '< (1h 0m 0s,+90d), 1.0d >'::scircle ~ '(1h 0m 0s,+89...
                                            ^
SELECT '< (1h 0m 0s,-90d), 1.0d >'::scircle ~ '(1h 0m 0s,-89d)'::spoint;
ERROR:  type "scircle" does not exist
LINE 1: SELECT '< (1h 0m 0s,-90d), 1.0d >'::scircle ~ '(1h 0m 0s,-89...
                                            ^
-- should be "false"
SELECT '< (2h 0m 0s,-1d),  1.5d >'::scircle ~ '(1h 0m  0s,+1d    )'::spoint;
ERROR:  type "scircle" does not exist
LINE 1: SELECT '< (2h 0m 0s,-1d),  1.5d >'::scircle ~ '(1h 0m  0s,+1...
                                            ^
SELECT '< (0d 0m 0s, 0d),  3.5d >'::scircle ~ '(3d 30m 0s,+1d    )'::spoint;
ERROR:  type "scircle" does not exist
LINE 1: SELECT '< (0d 0m 0s, 0d),  3.5d >'::scircle ~ '(3d 30m 0s,+1...
                                            ^
SELECT '< (1h 0m 0s,+90d), 1.0d >'::scircle ~ '(1h 0m  0s,+88.99d)'::spoint;
ERROR:  type "scircle" does not exist
LINE 1: SELECT '< (1h 0m 0s,+90d), 1.0d >'::scircle ~ '(1h 0m  0s,+8...
                                            ^
SELECT '< (1h 0m 0s,-90d), 1.0d >'::scircle ~ '(1h 0m  0s,-88.99d)'::spoint;
ERROR:  type "scircle" does not exist
LINE 1: SELECT '< (1h 0m 0s,-90d), 1.0d >'::scircle ~ '(1h 0m  0s,-8...
                                            ^
