-- scircle vs spoint
select 'scircle @> spoint', 't' as expected, scircle(spoint(1.0,1.0),0.1) @> spoint(1.0,1.0) as actual;
ERROR:  function spoint(numeric, numeric) does not exist
LINE 1: ...ect 'scircle @> spoint', 't' as expected, scircle(spoint(1.0...
                                                             ^
HINT:  No function matches the given name and argument types. You might need to add explicit type casts.
select 'scircle @> spoint', 'f' as expected, scircle(spoint(1.0,1.0),0.1) @> spoint(2.0,2.0) as actual;
ERROR:  function spoint(numeric, numeric) does not exist
LINE 1: ...ect 'scircle @> spoint', 'f' as expected, scircle(spoint(1.0...
                                                             ^
HINT:  No function matches the given name and argument types. You might need to add explicit type casts.
select 'spoint <@ scircle', 't' as expected, spoint(1.0,1.0) <@ scircle(spoint(1.0,1.0),0.1) as actual;
ERROR:  function spoint(numeric, numeric) does not exist
LINE 1: select 'spoint <@ scircle', 't' as expected, spoint(1.0,1.0)...
                                                     ^
HINT:  No function matches the given name and argument types. You might need to add explicit type casts.
select 'spoint <@ scircle', 'f' as expected, spoint(2.0,2.0) <@ scircle(spoint(1.0,1.0),0.1) as actual;
ERROR:  function spoint(numeric, numeric) does not exist
LINE 1: select 'spoint <@ scircle', 'f' as expected, spoint(2.0,2.0)...
                                                     ^
HINT:  No function matches the given name and argument types. You might need to add explicit type casts.
select 'scircle !@> spoint', 'f' as expected, scircle(spoint(1.0,1.0),0.1) !@> spoint(1.0,1.0) as actual;
ERROR:  function spoint(numeric, numeric) does not exist
LINE 1: ...ct 'scircle !@> spoint', 'f' as expected, scircle(spoint(1.0...
                                                             ^
HINT:  No function matches the given name and argument types. You might need to add explicit type casts.
select 'scircle !@> spoint', 't' as expected, scircle(spoint(1.0,1.0),0.1) !@> spoint(2.0,2.0) as actual;
ERROR:  function spoint(numeric, numeric) does not exist
LINE 1: ...ct 'scircle !@> spoint', 't' as expected, scircle(spoint(1.0...
                                                             ^
HINT:  No function matches the given name and argument types. You might need to add explicit type casts.
select 'spoint !<@ scircle', 'f' as expected, spoint(1.0,1.0) !<@ scircle(spoint(1.0,1.0),0.1) as actual;
ERROR:  function spoint(numeric, numeric) does not exist
LINE 1: select 'spoint !<@ scircle', 'f' as expected, spoint(1.0,1.0...
                                                      ^
HINT:  No function matches the given name and argument types. You might need to add explicit type casts.
select 'spoint !<@ scircle', 't' as expected, spoint(2.0,2.0) !<@ scircle(spoint(1.0,1.0),0.1) as actual;
ERROR:  function spoint(numeric, numeric) does not exist
LINE 1: select 'spoint !<@ scircle', 't' as expected, spoint(2.0,2.0...
                                                      ^
HINT:  No function matches the given name and argument types. You might need to add explicit type casts.
-- sbox vs spoint
select 'sbox @> spoint', 't' as expected, sbox(spoint(1.0,1.0),spoint(1.2,1.2)) @> spoint(1.1,1.1) as actual;
ERROR:  function spoint(numeric, numeric) does not exist
LINE 1: select 'sbox @> spoint', 't' as expected, sbox(spoint(1.0,1....
                                                       ^
HINT:  No function matches the given name and argument types. You might need to add explicit type casts.
select 'sbox @> spoint', 'f' as expected, sbox(spoint(1.0,1.0),spoint(1.2,1.2)) @> spoint(2.0,2.0) as actual;
ERROR:  function spoint(numeric, numeric) does not exist
LINE 1: select 'sbox @> spoint', 'f' as expected, sbox(spoint(1.0,1....
                                                       ^
HINT:  No function matches the given name and argument types. You might need to add explicit type casts.
select 'spoint <@ sbox', 't' as expected, spoint(1.1,1.1) <@ sbox(spoint(1.0,1.0),spoint(1.2,1.2)) as actual;
ERROR:  function spoint(numeric, numeric) does not exist
LINE 1: select 'spoint <@ sbox', 't' as expected, spoint(1.1,1.1) <@...
                                                  ^
HINT:  No function matches the given name and argument types. You might need to add explicit type casts.
select 'spoint <@ sbox', 'f' as expected, spoint(2.0,2.0) <@ sbox(spoint(1.0,1.0),spoint(1.2,1.2)) as actual;
ERROR:  function spoint(numeric, numeric) does not exist
LINE 1: select 'spoint <@ sbox', 'f' as expected, spoint(2.0,2.0) <@...
                                                  ^
HINT:  No function matches the given name and argument types. You might need to add explicit type casts.
select 'sbox !@> spoint', 'f' as expected, sbox(spoint(1.0,1.0),spoint(1.2,1.2)) !@> spoint(1.1,1.1) as actual;
ERROR:  function spoint(numeric, numeric) does not exist
LINE 1: select 'sbox !@> spoint', 'f' as expected, sbox(spoint(1.0,1...
                                                        ^
HINT:  No function matches the given name and argument types. You might need to add explicit type casts.
select 'sbox !@> spoint', 't' as expected, sbox(spoint(1.0,1.0),spoint(1.2,1.2)) !@> spoint(2.0,2.0) as actual;
ERROR:  function spoint(numeric, numeric) does not exist
LINE 1: select 'sbox !@> spoint', 't' as expected, sbox(spoint(1.0,1...
                                                        ^
HINT:  No function matches the given name and argument types. You might need to add explicit type casts.
select 'spoint !<@ sbox', 'f' as expected, spoint(1.1,1.1) !<@ sbox(spoint(1.0,1.0),spoint(1.2,1.2)) as actual;
ERROR:  function spoint(numeric, numeric) does not exist
LINE 1: select 'spoint !<@ sbox', 'f' as expected, spoint(1.1,1.1) !...
                                                   ^
HINT:  No function matches the given name and argument types. You might need to add explicit type casts.
select 'spoint !<@ sbox', 't' as expected, spoint(2.0,2.0) !<@ sbox(spoint(1.0,1.0),spoint(1.2,1.2)) as actual;
ERROR:  function spoint(numeric, numeric) does not exist
LINE 1: select 'spoint !<@ sbox', 't' as expected, spoint(2.0,2.0) !...
                                                   ^
HINT:  No function matches the given name and argument types. You might need to add explicit type casts.
-- spoly vs spoint
select 'spoly @> spoint', 't' as expected, '{(1.0,1.0),(1.2,1.0),(1.2,1.2),(1.0,1.2)}'::spoly @> spoint(1.1,1.1) as actual;
ERROR:  type "spoly" does not exist
LINE 1: ...ted, '{(1.0,1.0),(1.2,1.0),(1.2,1.2),(1.0,1.2)}'::spoly @> s...
                                                             ^
select 'spoly @> spoint', 'f' as expected, '{(1.0,1.0),(1.2,1.0),(1.2,1.2),(1.0,1.2)}'::spoly @> spoint(2.0,2.0) as actual;
ERROR:  type "spoly" does not exist
LINE 1: ...ted, '{(1.0,1.0),(1.2,1.0),(1.2,1.2),(1.0,1.2)}'::spoly @> s...
                                                             ^
select 'spoint <@ spoly', 't' as expected, spoint(1.1,1.1) <@ '{(1.0,1.0),(1.2,1.0),(1.2,1.2),(1.0,1.2)}'::spoly as actual;
ERROR:  function spoint(numeric, numeric) does not exist
LINE 1: select 'spoint <@ spoly', 't' as expected, spoint(1.1,1.1) <...
                                                   ^
HINT:  No function matches the given name and argument types. You might need to add explicit type casts.
select 'spoint <@ spoly', 'f' as expected, spoint(2.0,2.0) <@ '{(1.0,1.0),(1.2,1.0),(1.2,1.2),(1.0,1.2)}'::spoly as actual;
ERROR:  function spoint(numeric, numeric) does not exist
LINE 1: select 'spoint <@ spoly', 'f' as expected, spoint(2.0,2.0) <...
                                                   ^
HINT:  No function matches the given name and argument types. You might need to add explicit type casts.
select 'spoly !@> spoint', 'f' as expected, '{(1.0,1.0),(1.2,1.0),(1.2,1.2),(1.0,1.2)}'::spoly !@> spoint(1.1,1.1) as actual;
ERROR:  type "spoly" does not exist
LINE 1: ...ted, '{(1.0,1.0),(1.2,1.0),(1.2,1.2),(1.0,1.2)}'::spoly !@> ...
                                                             ^
select 'spoly !@> spoint', 't' as expected, '{(1.0,1.0),(1.2,1.0),(1.2,1.2),(1.0,1.2)}'::spoly !@> spoint(2.0,2.0) as actual;
ERROR:  type "spoly" does not exist
LINE 1: ...ted, '{(1.0,1.0),(1.2,1.0),(1.2,1.2),(1.0,1.2)}'::spoly !@> ...
                                                             ^
select 'spoint !<@ spoly', 'f' as expected, spoint(1.1,1.1) !<@ '{(1.0,1.0),(1.2,1.0),(1.2,1.2),(1.0,1.2)}'::spoly as actual;
ERROR:  function spoint(numeric, numeric) does not exist
LINE 1: select 'spoint !<@ spoly', 'f' as expected, spoint(1.1,1.1) ...
                                                    ^
HINT:  No function matches the given name and argument types. You might need to add explicit type casts.
select 'spoint !<@ spoly', 't' as expected, spoint(2.0,2.0) !<@ '{(1.0,1.0),(1.2,1.0),(1.2,1.2),(1.0,1.2)}'::spoly as actual;
ERROR:  function spoint(numeric, numeric) does not exist
LINE 1: select 'spoint !<@ spoly', 't' as expected, spoint(2.0,2.0) ...
                                                    ^
HINT:  No function matches the given name and argument types. You might need to add explicit type casts.
-- scircle vs scircle
select 'scircle @> scircle', 't' as expected, scircle(spoint(1.0,1.0),0.1) @> scircle(spoint(1.0,1.0),0.05) as actual;
ERROR:  function spoint(numeric, numeric) does not exist
LINE 1: ...ct 'scircle @> scircle', 't' as expected, scircle(spoint(1.0...
                                                             ^
HINT:  No function matches the given name and argument types. You might need to add explicit type casts.
select 'scircle @> scircle', 'f' as expected, scircle(spoint(1.0,1.0),0.1) @> scircle(spoint(2.0,2.0),0.05) as actual;
ERROR:  function spoint(numeric, numeric) does not exist
LINE 1: ...ct 'scircle @> scircle', 'f' as expected, scircle(spoint(1.0...
                                                             ^
HINT:  No function matches the given name and argument types. You might need to add explicit type casts.
select 'scircle @> scircle', 'f' as expected, scircle(spoint(1.0,1.0),0.1) @> scircle(spoint(1.0,1.0),0.2) as actual;
ERROR:  function spoint(numeric, numeric) does not exist
LINE 1: ...ct 'scircle @> scircle', 'f' as expected, scircle(spoint(1.0...
                                                             ^
HINT:  No function matches the given name and argument types. You might need to add explicit type casts.
select 'scircle <@ scircle', 't' as expected, scircle(spoint(1.0,1.0),0.05) <@ scircle(spoint(1.0,1.0),0.1) as actual;
ERROR:  function spoint(numeric, numeric) does not exist
LINE 1: ...ct 'scircle <@ scircle', 't' as expected, scircle(spoint(1.0...
                                                             ^
HINT:  No function matches the given name and argument types. You might need to add explicit type casts.
select 'scircle <@ scircle', 'f' as expected, scircle(spoint(2.0,2.0),0.05) <@ scircle(spoint(1.0,1.0),0.1) as actual;
ERROR:  function spoint(numeric, numeric) does not exist
LINE 1: ...ct 'scircle <@ scircle', 'f' as expected, scircle(spoint(2.0...
                                                             ^
HINT:  No function matches the given name and argument types. You might need to add explicit type casts.
select 'scircle <@ scircle', 'f' as expected, scircle(spoint(1.0,1.0),0.2) <@ scircle(spoint(1.0,1.0),0.1) as actual;
ERROR:  function spoint(numeric, numeric) does not exist
LINE 1: ...ct 'scircle <@ scircle', 'f' as expected, scircle(spoint(1.0...
                                                             ^
HINT:  No function matches the given name and argument types. You might need to add explicit type casts.
select 'scircle !@> scircle', 'f' as expected, scircle(spoint(1.0,1.0),0.1) !@> scircle(spoint(1.0,1.0),0.05) as actual;
ERROR:  function spoint(numeric, numeric) does not exist
LINE 1: ...t 'scircle !@> scircle', 'f' as expected, scircle(spoint(1.0...
                                                             ^
HINT:  No function matches the given name and argument types. You might need to add explicit type casts.
select 'scircle !@> scircle', 't' as expected, scircle(spoint(1.0,1.0),0.1) !@> scircle(spoint(2.0,2.0),0.05) as actual;
ERROR:  function spoint(numeric, numeric) does not exist
LINE 1: ...t 'scircle !@> scircle', 't' as expected, scircle(spoint(1.0...
                                                             ^
HINT:  No function matches the given name and argument types. You might need to add explicit type casts.
select 'scircle !@> scircle', 't' as expected, scircle(spoint(1.0,1.0),0.1) !@> scircle(spoint(1.0,1.0),0.2) as actual;
ERROR:  function spoint(numeric, numeric) does not exist
LINE 1: ...t 'scircle !@> scircle', 't' as expected, scircle(spoint(1.0...
                                                             ^
HINT:  No function matches the given name and argument types. You might need to add explicit type casts.
select 'scircle !<@ scircle', 'f' as expected, scircle(spoint(1.0,1.0),0.05) !<@ scircle(spoint(1.0,1.0),0.1) as actual;
ERROR:  function spoint(numeric, numeric) does not exist
LINE 1: ...t 'scircle !<@ scircle', 'f' as expected, scircle(spoint(1.0...
                                                             ^
HINT:  No function matches the given name and argument types. You might need to add explicit type casts.
select 'scircle !<@ scircle', 't' as expected, scircle(spoint(2.0,2.0),0.05) !<@ scircle(spoint(1.0,1.0),0.1) as actual;
ERROR:  function spoint(numeric, numeric) does not exist
LINE 1: ...t 'scircle !<@ scircle', 't' as expected, scircle(spoint(2.0...
                                                             ^
HINT:  No function matches the given name and argument types. You might need to add explicit type casts.
select 'scircle !<@ scircle', 't' as expected, scircle(spoint(1.0,1.0),0.2) !<@ scircle(spoint(1.0,1.0),0.1) as actual;
ERROR:  function spoint(numeric, numeric) does not exist
LINE 1: ...t 'scircle !<@ scircle', 't' as expected, scircle(spoint(1.0...
                                                             ^
HINT:  No function matches the given name and argument types. You might need to add explicit type casts.
-- sbox vs scircle
select 'sbox @> scircle', 't' as expected, sbox(spoint(1.0,1.0),spoint(1.2,1.2)) @> scircle(spoint(1.1,1.1),0.01) as actual;
ERROR:  function spoint(numeric, numeric) does not exist
LINE 1: select 'sbox @> scircle', 't' as expected, sbox(spoint(1.0,1...
                                                        ^
HINT:  No function matches the given name and argument types. You might need to add explicit type casts.
select 'sbox @> scircle', 'f' as expected, sbox(spoint(1.0,1.0),spoint(1.2,1.2)) @> scircle(spoint(2.0,2.0),0.01) as actual;
ERROR:  function spoint(numeric, numeric) does not exist
LINE 1: select 'sbox @> scircle', 'f' as expected, sbox(spoint(1.0,1...
                                                        ^
HINT:  No function matches the given name and argument types. You might need to add explicit type casts.
select 'sbox @> scircle', 'f' as expected, sbox(spoint(1.0,1.0),spoint(1.2,1.2)) @> scircle(spoint(1.1,1.1),0.2) as actual;
ERROR:  function spoint(numeric, numeric) does not exist
LINE 1: select 'sbox @> scircle', 'f' as expected, sbox(spoint(1.0,1...
                                                        ^
HINT:  No function matches the given name and argument types. You might need to add explicit type casts.
select 'scircle <@ sbox', 't' as expected, scircle(spoint(1.1,1.1),0.01) <@  sbox(spoint(1.0,1.0),spoint(1.2,1.2)) as actual;
ERROR:  function spoint(numeric, numeric) does not exist
LINE 1: ...elect 'scircle <@ sbox', 't' as expected, scircle(spoint(1.1...
                                                             ^
HINT:  No function matches the given name and argument types. You might need to add explicit type casts.
select 'scircle <@ sbox', 'f' as expected, scircle(spoint(2.0,2.0),0.01) <@ sbox(spoint(1.0,1.0),spoint(1.2,1.2)) as actual;
ERROR:  function spoint(numeric, numeric) does not exist
LINE 1: ...elect 'scircle <@ sbox', 'f' as expected, scircle(spoint(2.0...
                                                             ^
HINT:  No function matches the given name and argument types. You might need to add explicit type casts.
select 'scircle <@ sbox', 'f' as expected, scircle(spoint(1.1,1.1),0.2) <@ sbox(spoint(1.0,1.0),spoint(1.2,1.2)) as actual;
ERROR:  function spoint(numeric, numeric) does not exist
LINE 1: ...elect 'scircle <@ sbox', 'f' as expected, scircle(spoint(1.1...
                                                             ^
HINT:  No function matches the given name and argument types. You might need to add explicit type casts.
select 'sbox !@> scircle', 'f' as expected, sbox(spoint(1.0,1.0),spoint(1.2,1.2)) !@> scircle(spoint(1.1,1.1),0.01) as actual;
ERROR:  function spoint(numeric, numeric) does not exist
LINE 1: select 'sbox !@> scircle', 'f' as expected, sbox(spoint(1.0,...
                                                         ^
HINT:  No function matches the given name and argument types. You might need to add explicit type casts.
select 'sbox !@> scircle', 't' as expected, sbox(spoint(1.0,1.0),spoint(1.2,1.2)) !@> scircle(spoint(2.0,2.0),0.01) as actual;
ERROR:  function spoint(numeric, numeric) does not exist
LINE 1: select 'sbox !@> scircle', 't' as expected, sbox(spoint(1.0,...
                                                         ^
HINT:  No function matches the given name and argument types. You might need to add explicit type casts.
select 'sbox !@> scircle', 't' as expected, sbox(spoint(1.0,1.0),spoint(1.2,1.2)) !@> scircle(spoint(1.1,1.1),0.2) as actual;
ERROR:  function spoint(numeric, numeric) does not exist
LINE 1: select 'sbox !@> scircle', 't' as expected, sbox(spoint(1.0,...
                                                         ^
HINT:  No function matches the given name and argument types. You might need to add explicit type casts.
select 'scircle !<@ sbox', 'f' as expected, scircle(spoint(1.1,1.1),0.01) !<@  sbox(spoint(1.0,1.0),spoint(1.2,1.2)) as actual;
ERROR:  function spoint(numeric, numeric) does not exist
LINE 1: ...lect 'scircle !<@ sbox', 'f' as expected, scircle(spoint(1.1...
                                                             ^
HINT:  No function matches the given name and argument types. You might need to add explicit type casts.
select 'scircle !<@ sbox', 't' as expected, scircle(spoint(2.0,2.0),0.01) !<@ sbox(spoint(1.0,1.0),spoint(1.2,1.2)) as actual;
ERROR:  function spoint(numeric, numeric) does not exist
LINE 1: ...lect 'scircle !<@ sbox', 't' as expected, scircle(spoint(2.0...
                                                             ^
HINT:  No function matches the given name and argument types. You might need to add explicit type casts.
select 'scircle !<@ sbox', 't' as expected, scircle(spoint(1.1,1.1),0.2) !<@ sbox(spoint(1.0,1.0),spoint(1.2,1.2)) as actual;
ERROR:  function spoint(numeric, numeric) does not exist
LINE 1: ...lect 'scircle !<@ sbox', 't' as expected, scircle(spoint(1.1...
                                                             ^
HINT:  No function matches the given name and argument types. You might need to add explicit type casts.
--
select 'scircle @> sbox', 't' as expected, scircle(spoint(1.1,1.1),0.2) @>  sbox(spoint(1.0,1.0),spoint(1.2,1.2)) as actual;
ERROR:  function spoint(numeric, numeric) does not exist
LINE 1: ...elect 'scircle @> sbox', 't' as expected, scircle(spoint(1.1...
                                                             ^
HINT:  No function matches the given name and argument types. You might need to add explicit type casts.
select 'scircle @> sbox', 'f' as expected, scircle(spoint(2.0,2.0),0.2) @> sbox(spoint(1.0,1.0),spoint(1.2,1.2)) as actual;
ERROR:  function spoint(numeric, numeric) does not exist
LINE 1: ...elect 'scircle @> sbox', 'f' as expected, scircle(spoint(2.0...
                                                             ^
HINT:  No function matches the given name and argument types. You might need to add explicit type casts.
select 'scircle @> sbox', 'f' as expected, scircle(spoint(1.1,1.1),0.01) @> sbox(spoint(1.0,1.0),spoint(1.2,1.2)) as actual;
ERROR:  function spoint(numeric, numeric) does not exist
LINE 1: ...elect 'scircle @> sbox', 'f' as expected, scircle(spoint(1.1...
                                                             ^
HINT:  No function matches the given name and argument types. You might need to add explicit type casts.
select 'sbox <@ scircle', 't' as expected, sbox(spoint(1.0,1.0),spoint(1.2,1.2)) <@ scircle(spoint(1.1,1.1),0.2) as actual;
ERROR:  function spoint(numeric, numeric) does not exist
LINE 1: select 'sbox <@ scircle', 't' as expected, sbox(spoint(1.0,1...
                                                        ^
HINT:  No function matches the given name and argument types. You might need to add explicit type casts.
select 'sbox <@ scircle', 'f' as expected, sbox(spoint(1.0,1.0),spoint(1.2,1.2)) <@ scircle(spoint(2.0,2.0),0.2) as actual;
ERROR:  function spoint(numeric, numeric) does not exist
LINE 1: select 'sbox <@ scircle', 'f' as expected, sbox(spoint(1.0,1...
                                                        ^
HINT:  No function matches the given name and argument types. You might need to add explicit type casts.
select 'sbox <@ scircle', 'f' as expected, sbox(spoint(1.0,1.0),spoint(1.2,1.2)) <@ scircle(spoint(1.1,1.1),0.01) as actual;
ERROR:  function spoint(numeric, numeric) does not exist
LINE 1: select 'sbox <@ scircle', 'f' as expected, sbox(spoint(1.0,1...
                                                        ^
HINT:  No function matches the given name and argument types. You might need to add explicit type casts.
select 'scircle !@> sbox', 'f' as expected, scircle(spoint(1.1,1.1),0.2) !@>  sbox(spoint(1.0,1.0),spoint(1.2,1.2)) as actual;
ERROR:  function spoint(numeric, numeric) does not exist
LINE 1: ...lect 'scircle !@> sbox', 'f' as expected, scircle(spoint(1.1...
                                                             ^
HINT:  No function matches the given name and argument types. You might need to add explicit type casts.
select 'scircle !@> sbox', 't' as expected, scircle(spoint(2.0,2.0),0.2) !@> sbox(spoint(1.0,1.0),spoint(1.2,1.2)) as actual;
ERROR:  function spoint(numeric, numeric) does not exist
LINE 1: ...lect 'scircle !@> sbox', 't' as expected, scircle(spoint(2.0...
                                                             ^
HINT:  No function matches the given name and argument types. You might need to add explicit type casts.
select 'scircle !@> sbox', 't' as expected, scircle(spoint(1.1,1.1),0.01) !@> sbox(spoint(1.0,1.0),spoint(1.2,1.2)) as actual;
ERROR:  function spoint(numeric, numeric) does not exist
LINE 1: ...lect 'scircle !@> sbox', 't' as expected, scircle(spoint(1.1...
                                                             ^
HINT:  No function matches the given name and argument types. You might need to add explicit type casts.
select 'sbox !<@ scircle', 'f' as expected, sbox(spoint(1.0,1.0),spoint(1.2,1.2)) !<@ scircle(spoint(1.1,1.1),0.2) as actual;
ERROR:  function spoint(numeric, numeric) does not exist
LINE 1: select 'sbox !<@ scircle', 'f' as expected, sbox(spoint(1.0,...
                                                         ^
HINT:  No function matches the given name and argument types. You might need to add explicit type casts.
select 'sbox !<@ scircle', 't' as expected, sbox(spoint(1.0,1.0),spoint(1.2,1.2)) !<@ scircle(spoint(2.0,2.0),0.2) as actual;
ERROR:  function spoint(numeric, numeric) does not exist
LINE 1: select 'sbox !<@ scircle', 't' as expected, sbox(spoint(1.0,...
                                                         ^
HINT:  No function matches the given name and argument types. You might need to add explicit type casts.
select 'sbox !<@ scircle', 't' as expected, sbox(spoint(1.0,1.0),spoint(1.2,1.2)) !<@ scircle(spoint(1.1,1.1),0.01) as actual;
ERROR:  function spoint(numeric, numeric) does not exist
LINE 1: select 'sbox !<@ scircle', 't' as expected, sbox(spoint(1.0,...
                                                         ^
HINT:  No function matches the given name and argument types. You might need to add explicit type casts.
-- spoly vs scircle
select 'spoly @> scircle', 't' as expected, '{(1.0,1.0),(1.2,1.0),(1.2,1.2),(1.0,1.2)}'::spoly @> scircle(spoint(1.1,1.1),0.01) as actual;
ERROR:  type "spoly" does not exist
LINE 1: ...ted, '{(1.0,1.0),(1.2,1.0),(1.2,1.2),(1.0,1.2)}'::spoly @> s...
                                                             ^
select 'spoly @> scircle', 'f' as expected, '{(1.0,1.0),(1.2,1.0),(1.2,1.2),(1.0,1.2)}'::spoly @> scircle(spoint(2.0,2.0),0.2) as actual;
ERROR:  type "spoly" does not exist
LINE 1: ...ted, '{(1.0,1.0),(1.2,1.0),(1.2,1.2),(1.0,1.2)}'::spoly @> s...
                                                             ^
select 'spoly @> scircle', 'f' as expected, '{(1.0,1.0),(1.2,1.0),(1.2,1.2),(1.0,1.2)}'::spoly @> scircle(spoint(1.1,1.1),0.2) as actual;
ERROR:  type "spoly" does not exist
LINE 1: ...ted, '{(1.0,1.0),(1.2,1.0),(1.2,1.2),(1.0,1.2)}'::spoly @> s...
                                                             ^
select 'scircle <@ spoly', 't' as expected, scircle(spoint(1.1,1.1),0.01) <@ '{(1.0,1.0),(1.2,1.0),(1.2,1.2),(1.0,1.2)}'::spoly as actual;
ERROR:  function spoint(numeric, numeric) does not exist
LINE 1: ...lect 'scircle <@ spoly', 't' as expected, scircle(spoint(1.1...
                                                             ^
HINT:  No function matches the given name and argument types. You might need to add explicit type casts.
select 'scircle <@ spoly', 'f' as expected, scircle(spoint(2.0,2.0),0.01) <@ '{(1.0,1.0),(1.2,1.0),(1.2,1.2),(1.0,1.2)}'::spoly as actual;
ERROR:  function spoint(numeric, numeric) does not exist
LINE 1: ...lect 'scircle <@ spoly', 'f' as expected, scircle(spoint(2.0...
                                                             ^
HINT:  No function matches the given name and argument types. You might need to add explicit type casts.
select 'scircle <@ spoly', 'f' as expected, scircle(spoint(1.1,1.1),0.2) <@ '{(1.0,1.0),(1.2,1.0),(1.2,1.2),(1.0,1.2)}'::spoly as actual;
ERROR:  function spoint(numeric, numeric) does not exist
LINE 1: ...lect 'scircle <@ spoly', 'f' as expected, scircle(spoint(1.1...
                                                             ^
HINT:  No function matches the given name and argument types. You might need to add explicit type casts.
select 'spoly !@> scircle', 'f' as expected, '{(1.0,1.0),(1.2,1.0),(1.2,1.2),(1.0,1.2)}'::spoly !@> scircle(spoint(1.1,1.1),0.01) as actual;
ERROR:  type "spoly" does not exist
LINE 1: ...ted, '{(1.0,1.0),(1.2,1.0),(1.2,1.2),(1.0,1.2)}'::spoly !@> ...
                                                             ^
select 'spoly !@> scircle', 't' as expected, '{(1.0,1.0),(1.2,1.0),(1.2,1.2),(1.0,1.2)}'::spoly !@> scircle(spoint(2.0,2.0),0.2) as actual;
ERROR:  type "spoly" does not exist
LINE 1: ...ted, '{(1.0,1.0),(1.2,1.0),(1.2,1.2),(1.0,1.2)}'::spoly !@> ...
                                                             ^
select 'spoly !@> scircle', 't' as expected, '{(1.0,1.0),(1.2,1.0),(1.2,1.2),(1.0,1.2)}'::spoly !@> scircle(spoint(1.1,1.1),0.2) as actual;
ERROR:  type "spoly" does not exist
LINE 1: ...ted, '{(1.0,1.0),(1.2,1.0),(1.2,1.2),(1.0,1.2)}'::spoly !@> ...
                                                             ^
select 'scircle !<@ spoly', 'f' as expected, scircle(spoint(1.1,1.1),0.01) !<@ '{(1.0,1.0),(1.2,1.0),(1.2,1.2),(1.0,1.2)}'::spoly as actual;
ERROR:  function spoint(numeric, numeric) does not exist
LINE 1: ...ect 'scircle !<@ spoly', 'f' as expected, scircle(spoint(1.1...
                                                             ^
HINT:  No function matches the given name and argument types. You might need to add explicit type casts.
select 'scircle !<@ spoly', 't' as expected, scircle(spoint(2.0,2.0),0.01) !<@ '{(1.0,1.0),(1.2,1.0),(1.2,1.2),(1.0,1.2)}'::spoly as actual;
ERROR:  function spoint(numeric, numeric) does not exist
LINE 1: ...ect 'scircle !<@ spoly', 't' as expected, scircle(spoint(2.0...
                                                             ^
HINT:  No function matches the given name and argument types. You might need to add explicit type casts.
select 'scircle !<@ spoly', 't' as expected, scircle(spoint(1.1,1.1),0.2) !<@ '{(1.0,1.0),(1.2,1.0),(1.2,1.2),(1.0,1.2)}'::spoly as actual;
ERROR:  function spoint(numeric, numeric) does not exist
LINE 1: ...ect 'scircle !<@ spoly', 't' as expected, scircle(spoint(1.1...
                                                             ^
HINT:  No function matches the given name and argument types. You might need to add explicit type casts.
--
select 'scircle @> spoly', 't' as expected, scircle(spoint(1.1,1.1),0.5) @> '{(1.0,1.0),(1.2,1.0),(1.2,1.2),(1.0,1.2)}'::spoly as actual;
ERROR:  function spoint(numeric, numeric) does not exist
LINE 1: ...lect 'scircle @> spoly', 't' as expected, scircle(spoint(1.1...
                                                             ^
HINT:  No function matches the given name and argument types. You might need to add explicit type casts.
select 'scircle @> spoly', 'f' as expected, scircle(spoint(2.0,2.0),0.5) @> '{(1.0,1.0),(1.2,1.0),(1.2,1.2),(1.0,1.2)}'::spoly as actual;
ERROR:  function spoint(numeric, numeric) does not exist
LINE 1: ...lect 'scircle @> spoly', 'f' as expected, scircle(spoint(2.0...
                                                             ^
HINT:  No function matches the given name and argument types. You might need to add explicit type casts.
select 'scircle @> spoly', 'f' as expected, scircle(spoint(1.1,1.1),0.05) @> '{(1.0,1.0),(1.2,1.0),(1.2,1.2),(1.0,1.2)}'::spoly as actual;
ERROR:  function spoint(numeric, numeric) does not exist
LINE 1: ...lect 'scircle @> spoly', 'f' as expected, scircle(spoint(1.1...
                                                             ^
HINT:  No function matches the given name and argument types. You might need to add explicit type casts.
select 'spoly <@ scircle', 't' as expected, '{(1.0,1.0),(1.2,1.0),(1.2,1.2),(1.0,1.2)}'::spoly <@ scircle(spoint(1.1,1.1),0.5) as actual;
ERROR:  type "spoly" does not exist
LINE 1: ...ted, '{(1.0,1.0),(1.2,1.0),(1.2,1.2),(1.0,1.2)}'::spoly <@ s...
                                                             ^
select 'spoly <@ scircle', 'f' as expected, '{(1.0,1.0),(1.2,1.0),(1.2,1.2),(1.0,1.2)}'::spoly <@ scircle(spoint(2.0,2.0),0.5) as actual;
ERROR:  type "spoly" does not exist
LINE 1: ...ted, '{(1.0,1.0),(1.2,1.0),(1.2,1.2),(1.0,1.2)}'::spoly <@ s...
                                                             ^
select 'spoly <@ scircle', 'f' as expected, '{(1.0,1.0),(1.2,1.0),(1.2,1.2),(1.0,1.2)}'::spoly <@ scircle(spoint(1.1,1.1),0.05) as actual;
ERROR:  type "spoly" does not exist
LINE 1: ...ted, '{(1.0,1.0),(1.2,1.0),(1.2,1.2),(1.0,1.2)}'::spoly <@ s...
                                                             ^
select 'scircle !@> spoly', 'f' as expected, scircle(spoint(1.1,1.1),0.5) !@> '{(1.0,1.0),(1.2,1.0),(1.2,1.2),(1.0,1.2)}'::spoly as actual;
ERROR:  function spoint(numeric, numeric) does not exist
LINE 1: ...ect 'scircle !@> spoly', 'f' as expected, scircle(spoint(1.1...
                                                             ^
HINT:  No function matches the given name and argument types. You might need to add explicit type casts.
select 'scircle !@> spoly', 't' as expected, scircle(spoint(2.0,2.0),0.5) !@> '{(1.0,1.0),(1.2,1.0),(1.2,1.2),(1.0,1.2)}'::spoly as actual;
ERROR:  function spoint(numeric, numeric) does not exist
LINE 1: ...ect 'scircle !@> spoly', 't' as expected, scircle(spoint(2.0...
                                                             ^
HINT:  No function matches the given name and argument types. You might need to add explicit type casts.
select 'scircle !@> spoly', 't' as expected, scircle(spoint(1.1,1.1),0.05) !@> '{(1.0,1.0),(1.2,1.0),(1.2,1.2),(1.0,1.2)}'::spoly as actual;
ERROR:  function spoint(numeric, numeric) does not exist
LINE 1: ...ect 'scircle !@> spoly', 't' as expected, scircle(spoint(1.1...
                                                             ^
HINT:  No function matches the given name and argument types. You might need to add explicit type casts.
select 'spoly !<@ scircle', 'f' as expected, '{(1.0,1.0),(1.2,1.0),(1.2,1.2),(1.0,1.2)}'::spoly !<@ scircle(spoint(1.1,1.1),0.5) as actual;
ERROR:  type "spoly" does not exist
LINE 1: ...ted, '{(1.0,1.0),(1.2,1.0),(1.2,1.2),(1.0,1.2)}'::spoly !<@ ...
                                                             ^
select 'spoly !<@ scircle', 't' as expected, '{(1.0,1.0),(1.2,1.0),(1.2,1.2),(1.0,1.2)}'::spoly !<@ scircle(spoint(2.0,2.0),0.5) as actual;
ERROR:  type "spoly" does not exist
LINE 1: ...ted, '{(1.0,1.0),(1.2,1.0),(1.2,1.2),(1.0,1.2)}'::spoly !<@ ...
                                                             ^
select 'spoly !<@ scircle', 't' as expected, '{(1.0,1.0),(1.2,1.0),(1.2,1.2),(1.0,1.2)}'::spoly !<@ scircle(spoint(1.1,1.1),0.05) as actual;
ERROR:  type "spoly" does not exist
LINE 1: ...ted, '{(1.0,1.0),(1.2,1.0),(1.2,1.2),(1.0,1.2)}'::spoly !<@ ...
                                                             ^
-- sbox vs spoly
select 'sbox @> spoly', 't' as expected, sbox(spoint(1.0,1.0),spoint(1.5,1.5)) @> '{(1.1,1.1),(1.2,1.1),(1.2,1.2),(1.1,1.2)}'::spoly as actual;
ERROR:  function spoint(numeric, numeric) does not exist
LINE 1: select 'sbox @> spoly', 't' as expected, sbox(spoint(1.0,1.0...
                                                      ^
HINT:  No function matches the given name and argument types. You might need to add explicit type casts.
select 'sbox @> spoly', 'f' as expected, sbox(spoint(1.0,1.0),spoint(1.5,1.5)) @> '{(2.1,2.1),(2.2,1.1),(2.2,1.2),(2.1,1.2)}'::spoly as actual;
ERROR:  function spoint(numeric, numeric) does not exist
LINE 1: select 'sbox @> spoly', 'f' as expected, sbox(spoint(1.0,1.0...
                                                      ^
HINT:  No function matches the given name and argument types. You might need to add explicit type casts.
select 'sbox @> spoly', 'f' as expected, sbox(spoint(1.0,1.0),spoint(1.5,1.5)) @> '{(0.9 , 0.9),(1.1 , 0.9),(1.1 , 1.1),(0.9 , 1.1)}'::spoly as actual;
ERROR:  function spoint(numeric, numeric) does not exist
LINE 1: select 'sbox @> spoly', 'f' as expected, sbox(spoint(1.0,1.0...
                                                      ^
HINT:  No function matches the given name and argument types. You might need to add explicit type casts.
select 'spoly <@ sbox', 't' as expected, '{(1.1,1.1),(1.2,1.1),(1.2,1.2),(1.1,1.2)}'::spoly <@ sbox(spoint(1.0,1.0),spoint(1.5,1.5)) as actual;
ERROR:  type "spoly" does not exist
LINE 1: ...ted, '{(1.1,1.1),(1.2,1.1),(1.2,1.2),(1.1,1.2)}'::spoly <@ s...
                                                             ^
select 'spoly <@ sbox', 'f' as expected, '{(2.1,2.1),(2.2,1.1),(2.2,1.2),(2.1,1.2)}'::spoly <@  sbox(spoint(1.0,1.0),spoint(1.5,1.5)) as actual;
ERROR:  type "spoly" does not exist
LINE 1: ...ted, '{(2.1,2.1),(2.2,1.1),(2.2,1.2),(2.1,1.2)}'::spoly <@  ...
                                                             ^
select 'spoly <@ sbox', 'f' as expected, '{(0.9 , 0.9),(1.1 , 0.9),(1.1 , 1.1),(0.9 , 1.1)}'::spoly <@ sbox(spoint(1.0,1.0),spoint(1.5,1.5)) as actual;
ERROR:  type "spoly" does not exist
LINE 1: ...0.9 , 0.9),(1.1 , 0.9),(1.1 , 1.1),(0.9 , 1.1)}'::spoly <@ s...
                                                             ^
select 'sbox !@> spoly', 'f' as expected, sbox(spoint(1.0,1.0),spoint(1.5,1.5)) !@> '{(1.1,1.1),(1.2,1.1),(1.2,1.2),(1.1,1.2)}'::spoly as actual;
ERROR:  function spoint(numeric, numeric) does not exist
LINE 1: select 'sbox !@> spoly', 'f' as expected, sbox(spoint(1.0,1....
                                                       ^
HINT:  No function matches the given name and argument types. You might need to add explicit type casts.
select 'sbox !@> spoly', 't' as expected, sbox(spoint(1.0,1.0),spoint(1.5,1.5)) !@> '{(2.1,2.1),(2.2,1.1),(2.2,1.2),(2.1,1.2)}'::spoly as actual;
ERROR:  function spoint(numeric, numeric) does not exist
LINE 1: select 'sbox !@> spoly', 't' as expected, sbox(spoint(1.0,1....
                                                       ^
HINT:  No function matches the given name and argument types. You might need to add explicit type casts.
select 'sbox !@> spoly', 't' as expected, sbox(spoint(1.0,1.0),spoint(1.5,1.5)) !@> '{(0.9,0.9),(1.1,0.9),(1.1,1.1),(0.9,1.1)}'::spoly as actual;
ERROR:  function spoint(numeric, numeric) does not exist
LINE 1: select 'sbox !@> spoly', 't' as expected, sbox(spoint(1.0,1....
                                                       ^
HINT:  No function matches the given name and argument types. You might need to add explicit type casts.
select 'spoly !<@ sbox', 'f' as expected, '{(1.1,1.1),(1.2,1.1),(1.2,1.2),(1.1,1.2)}'::spoly !<@ sbox(spoint(1.0,1.0),spoint(1.5,1.5)) as actual;
ERROR:  type "spoly" does not exist
LINE 1: ...ted, '{(1.1,1.1),(1.2,1.1),(1.2,1.2),(1.1,1.2)}'::spoly !<@ ...
                                                             ^
select 'spoly !<@ sbox', 't' as expected, '{(2.1,2.1),(2.2,1.1),(2.2,1.2),(2.1,1.2)}'::spoly !<@  sbox(spoint(1.0,1.0),spoint(1.5,1.5)) as actual;
ERROR:  type "spoly" does not exist
LINE 1: ...ted, '{(2.1,2.1),(2.2,1.1),(2.2,1.2),(2.1,1.2)}'::spoly !<@ ...
                                                             ^
select 'spoly !<@ sbox', 't' as expected, '{(0.9 , 0.9),(1.1 , 0.9),(1.1 , 1.1),(0.9 , 1.1)}'::spoly !<@ sbox(spoint(1.0,1.0),spoint(1.5,1.5)) as actual;
ERROR:  type "spoly" does not exist
LINE 1: ...0.9 , 0.9),(1.1 , 0.9),(1.1 , 1.1),(0.9 , 1.1)}'::spoly !<@ ...
                                                             ^
-- spoly vs spoly
select 'spoly @> spoly', 't' as expected, '{(1.1,1.1),(1.2,1.1),(1.2,1.2),(1.1,1.2)}'::spoly @> '{(1.11,1.11),(1.19,1.11),(1.19,1.19),(1.11,1.19)}'::spoly as actual;
ERROR:  type "spoly" does not exist
LINE 1: ...ted, '{(1.1,1.1),(1.2,1.1),(1.2,1.2),(1.1,1.2)}'::spoly @> '...
                                                             ^
select 'spoly @> spoly', 'f' as expected, '{(1.1,1.1),(1.2,1.1),(1.2,1.2),(1.1,1.2)}'::spoly @> '{(2.1,2.1),(2.2,1.1),(2.2,1.2),(2.1,1.2)}'::spoly as actual;
ERROR:  type "spoly" does not exist
LINE 1: ...ted, '{(1.1,1.1),(1.2,1.1),(1.2,1.2),(1.1,1.2)}'::spoly @> '...
                                                             ^
select 'spoly @> spoly', 'f' as expected, '{(1.1,1.1),(1.2,1.1),(1.2,1.2),(1.1,1.2)}'::spoly @> '{(0.9,0.9),(1.2,0.9),(1.2,1.2),(0.9,1.2)}'::spoly as actual;
ERROR:  type "spoly" does not exist
LINE 1: ...ted, '{(1.1,1.1),(1.2,1.1),(1.2,1.2),(1.1,1.2)}'::spoly @> '...
                                                             ^
select 'spoly <@ spoly', 't' as expected, '{(1.11,1.11),(1.19,1.11),(1.19,1.19),(1.11,1.19)}'::spoly <@ '{(1.1,1.1),(1.2,1.1),(1.2,1.2),(1.1,1.2)}'::spoly as actual;
ERROR:  type "spoly" does not exist
LINE 1: ...1.11,1.11),(1.19,1.11),(1.19,1.19),(1.11,1.19)}'::spoly <@ '...
                                                             ^
select 'spoly <@ spoly', 'f' as expected, '{(2.1,2.1),(2.2,1.1),(2.2,1.2),(2.1,1.2)}'::spoly <@ '{(1.1,1.1),(1.2,1.1),(1.2,1.2),(1.1,1.2)}'::spoly as actual;
ERROR:  type "spoly" does not exist
LINE 1: ...ted, '{(2.1,2.1),(2.2,1.1),(2.2,1.2),(2.1,1.2)}'::spoly <@ '...
                                                             ^
select 'spoly <@ spoly', 'f' as expected, '{(0.9,0.9),(1.2,0.9),(1.2,1.2),(0.9,1.2)}'::spoly <@ '{(1.1,1.1),(1.2,1.1),(1.2,1.2),(1.1,1.2)}'::spoly as actual;
ERROR:  type "spoly" does not exist
LINE 1: ...ted, '{(0.9,0.9),(1.2,0.9),(1.2,1.2),(0.9,1.2)}'::spoly <@ '...
                                                             ^
select 'spoly !@> spoly', 'f' as expected, '{(1.1,1.1),(1.2,1.1),(1.2,1.2),(1.1,1.2)}'::spoly !@> '{(1.11,1.11),(1.19,1.11),(1.19,1.19),(1.11,1.19)}'::spoly as actual;
ERROR:  type "spoly" does not exist
LINE 1: ...ted, '{(1.1,1.1),(1.2,1.1),(1.2,1.2),(1.1,1.2)}'::spoly !@> ...
                                                             ^
select 'spoly !@> spoly', 't' as expected, '{(1.1,1.1),(1.2,1.1),(1.2,1.2),(1.1,1.2)}'::spoly !@> '{(2.1,2.1),(2.2,1.1),(2.2,1.2),(2.1,1.2)}'::spoly as actual;
ERROR:  type "spoly" does not exist
LINE 1: ...ted, '{(1.1,1.1),(1.2,1.1),(1.2,1.2),(1.1,1.2)}'::spoly !@> ...
                                                             ^
select 'spoly !@> spoly', 't' as expected, '{(1.1,1.1),(1.2,1.1),(1.2,1.2),(1.1,1.2)}'::spoly !@> '{(0.9,0.9),(1.2,0.9),(1.2,1.2),(0.9,1.2)}'::spoly as actual;
ERROR:  type "spoly" does not exist
LINE 1: ...ted, '{(1.1,1.1),(1.2,1.1),(1.2,1.2),(1.1,1.2)}'::spoly !@> ...
                                                             ^
select 'spoly !<@ spoly', 'f' as expected, '{(1.11,1.11),(1.19,1.11),(1.19,1.19),(1.11,1.19)}'::spoly !<@ '{(1.1,1.1),(1.2,1.1),(1.2,1.2),(1.1,1.2)}'::spoly as actual;
ERROR:  type "spoly" does not exist
LINE 1: ...1.11,1.11),(1.19,1.11),(1.19,1.19),(1.11,1.19)}'::spoly !<@ ...
                                                             ^
select 'spoly !<@ spoly', 't' as expected, '{(2.1,2.1),(2.2,1.1),(2.2,1.2),(2.1,1.2)}'::spoly !<@ '{(1.1,1.1),(1.2,1.1),(1.2,1.2),(1.1,1.2)}'::spoly as actual;
ERROR:  type "spoly" does not exist
LINE 1: ...ted, '{(2.1,2.1),(2.2,1.1),(2.2,1.2),(2.1,1.2)}'::spoly !<@ ...
                                                             ^
select 'spoly !<@ spoly', 't' as expected, '{(0.9,0.9),(1.2,0.9),(1.2,1.2),(0.9,1.2)}'::spoly !<@ '{(1.1,1.1),(1.2,1.1),(1.2,1.2),(1.1,1.2)}'::spoly as actual;
ERROR:  type "spoly" does not exist
LINE 1: ...ted, '{(0.9,0.9),(1.2,0.9),(1.2,1.2),(0.9,1.2)}'::spoly !<@ ...
                                                             ^
