\set ECHO none
ERROR:  function set_sphere_output_precision(integer) does not exist
LINE 1: SELECT set_sphere_output_precision(8);
               ^
HINT:  No function matches the given name and argument types. You might need to add explicit type casts.
-- ellipse tests
--equal operator
SELECT sellipse '<{0d,0d},(170d,-12d),0d>' = sellipse '<{0d,0d},(170d,-12d),0d>'; 
ERROR:  type "sellipse" does not exist
LINE 1: SELECT sellipse '<{0d,0d},(170d,-12d),0d>' = sellipse '<{0d,...
               ^
SELECT sellipse '<{0d,0d},(170d,-12d),0d>' = sellipse '<{0d,0d},(170d,-12d),-2d>';
ERROR:  type "sellipse" does not exist
LINE 1: SELECT sellipse '<{0d,0d},(170d,-12d),0d>' = sellipse '<{0d,...
               ^
SELECT sellipse '<{5d,5d},(170d,-12d),0d>' = sellipse '<{5d,5d},(170d,-12d),-2d>';
ERROR:  type "sellipse" does not exist
LINE 1: SELECT sellipse '<{5d,5d},(170d,-12d),0d>' = sellipse '<{5d,...
               ^
SELECT sellipse '<{5d,2d},(170d,-12d),0d>' = sellipse '<{5d,2d},(170d,-12d),-2d>';
ERROR:  type "sellipse" does not exist
LINE 1: SELECT sellipse '<{5d,2d},(170d,-12d),0d>' = sellipse '<{5d,...
               ^
-- not equal
SELECT sellipse '<{5d,2d},(170d,-12d),0d>' != sellipse '<{5d,2d},(170d,-12d),-2d>';
ERROR:  type "sellipse" does not exist
LINE 1: SELECT sellipse '<{5d,2d},(170d,-12d),0d>' != sellipse '<{5d...
               ^
SELECT sellipse '<{5d,2d},(170d,-12d),0d>' != sellipse '<{5d,2d},(170d,-12d), 0d>';   
ERROR:  type "sellipse" does not exist
LINE 1: SELECT sellipse '<{5d,2d},(170d,-12d),0d>' != sellipse '<{5d...
               ^
SELECT sellipse '<{10d, 5d},(300d,0d),  0d>' = sellipse '<{10d,5d},(300d,0d), 180d>' ;
ERROR:  type "sellipse" does not exist
LINE 1: SELECT sellipse '<{10d, 5d},(300d,0d),  0d>' = sellipse '<{1...
               ^
SELECT sellipse '<{10d, 5d},(300d,0d), 90d>' = sellipse '<{10d,5d},(300d,0d), 270d>' ;
ERROR:  type "sellipse" does not exist
LINE 1: SELECT sellipse '<{10d, 5d},(300d,0d), 90d>' = sellipse '<{1...
               ^
-- ellipse and point
SELECT spoint '(280d,-20d)'   @  sellipse '<{10d,5d},(280d,-20d),90d>';
ERROR:  type "spoint" does not exist
LINE 1: SELECT spoint '(280d,-20d)'   @  sellipse '<{10d,5d},(280d,-...
               ^
SELECT spoint '(280d,-10d)'   @  sellipse '<{10d,5d},(280d,-20d),90d>';
ERROR:  type "spoint" does not exist
LINE 1: SELECT spoint '(280d,-10d)'   @  sellipse '<{10d,5d},(280d,-...
               ^
SELECT spoint '(280d,-9.9d)'  @  sellipse '<{10d,5d},(280d,-20d),90d>';
ERROR:  type "spoint" does not exist
LINE 1: SELECT spoint '(280d,-9.9d)'  @  sellipse '<{10d,5d},(280d,-...
               ^
SELECT sellipse '<{10d,5d},(280d,-20d),90d>' ~ spoint '(280d,-10d)' ;
ERROR:  type "sellipse" does not exist
LINE 1: SELECT sellipse '<{10d,5d},(280d,-20d),90d>' ~ spoint '(280d...
               ^
SELECT sellipse '<{10d,5d},(280d,-20d),90d>' ~ spoint '(280d, -9d)' ;   
ERROR:  type "sellipse" does not exist
LINE 1: SELECT sellipse '<{10d,5d},(280d,-20d),90d>' ~ spoint '(280d...
               ^
SELECT spoint '(280d,-10d)'   !@  sellipse '<{10d,5d},(280d,-20d),90d>';
ERROR:  type "spoint" does not exist
LINE 1: SELECT spoint '(280d,-10d)'   !@  sellipse '<{10d,5d},(280d,...
               ^
SELECT spoint '(280d,-9.9d)'  !@  sellipse '<{10d,5d},(280d,-20d),90d>';
ERROR:  type "spoint" does not exist
LINE 1: SELECT spoint '(280d,-9.9d)'  !@  sellipse '<{10d,5d},(280d,...
               ^
SELECT sellipse '<{10d,5d},(280d,-20d),90d>' !~ spoint '(280d,-10d)' ;
ERROR:  type "sellipse" does not exist
LINE 1: SELECT sellipse '<{10d,5d},(280d,-20d),90d>' !~ spoint '(280...
               ^
SELECT sellipse '<{10d,5d},(280d,-20d),90d>' !~ spoint '(280d, -9d)' ;
ERROR:  type "sellipse" does not exist
LINE 1: SELECT sellipse '<{10d,5d},(280d,-20d),90d>' !~ spoint '(280...
               ^
SELECT spoint '(0d, 90d)' @ sellipse '<{10d,5d},(0d,0d),0d>' ;
ERROR:  type "spoint" does not exist
LINE 1: SELECT spoint '(0d, 90d)' @ sellipse '<{10d,5d},(0d,0d),0d>'...
               ^
SELECT spoint '(0d, -90d)' @ sellipse '<{10d,5d},(0d,0d),0d>' ;
ERROR:  type "spoint" does not exist
LINE 1: SELECT spoint '(0d, -90d)' @ sellipse '<{10d,5d},(0d,0d),0d>...
               ^
SELECT spoint '(0d, 0d)' @ sellipse '<{10d,5d},(0d,0d),0d>' ;
ERROR:  type "spoint" does not exist
LINE 1: SELECT spoint '(0d, 0d)' @ sellipse '<{10d,5d},(0d,0d),0d>' ...
               ^
SELECT spoint '(90d, 0d)' @ sellipse '<{10d,5d},(0d,0d),0d>' ;
ERROR:  type "spoint" does not exist
LINE 1: SELECT spoint '(90d, 0d)' @ sellipse '<{10d,5d},(0d,0d),0d>'...
               ^
SELECT spoint '(180d, 0d)' @ sellipse '<{10d,5d},(0d,0d),0d>' ;
ERROR:  type "spoint" does not exist
LINE 1: SELECT spoint '(180d, 0d)' @ sellipse '<{10d,5d},(0d,0d),0d>...
               ^
SELECT spoint '(270d, 0d)' @ sellipse '<{10d,5d},(0d,0d),0d>' ;
ERROR:  type "spoint" does not exist
LINE 1: SELECT spoint '(270d, 0d)' @ sellipse '<{10d,5d},(0d,0d),0d>...
               ^
SELECT spoint '(9d, 0d)' @ sellipse '<{10d,5d},(0d,0d),0d>' ;
ERROR:  type "spoint" does not exist
LINE 1: SELECT spoint '(9d, 0d)' @ sellipse '<{10d,5d},(0d,0d),0d>' ...
               ^
SELECT spoint '(0d, 9d)' @ sellipse '<{10d,5d},(0d,0d),0d>' ;
ERROR:  type "spoint" does not exist
LINE 1: SELECT spoint '(0d, 9d)' @ sellipse '<{10d,5d},(0d,0d),0d>' ...
               ^
SELECT spoint '(0d, 4d)' @ sellipse '<{10d,5d},(0d,0d),0d>' ;
ERROR:  type "spoint" does not exist
LINE 1: SELECT spoint '(0d, 4d)' @ sellipse '<{10d,5d},(0d,0d),0d>' ...
               ^
--
--ellipse and circle (@,&&)
--
-- negators and commutators
SELECT scircle '<(280d,-10d),0d>'   @  sellipse '<{10d,5d},(280d,-20d),90d>';
ERROR:  type "scircle" does not exist
LINE 1: SELECT scircle '<(280d,-10d),0d>'   @  sellipse '<{10d,5d},(...
               ^
SELECT scircle '<(280d, -9d),0d>'   @  sellipse '<{10d,5d},(280d,-20d),90d>';
ERROR:  type "scircle" does not exist
LINE 1: SELECT scircle '<(280d, -9d),0d>'   @  sellipse '<{10d,5d},(...
               ^
SELECT scircle '<(280d,-10d),0d>'   !@  sellipse '<{10d,5d},(280d,-20d),90d>';
ERROR:  type "scircle" does not exist
LINE 1: SELECT scircle '<(280d,-10d),0d>'   !@  sellipse '<{10d,5d},...
               ^
SELECT scircle '<(280d, -9d),0d>'   !@  sellipse '<{10d,5d},(280d,-20d),90d>';
ERROR:  type "scircle" does not exist
LINE 1: SELECT scircle '<(280d, -9d),0d>'   !@  sellipse '<{10d,5d},...
               ^
SELECT sellipse '<{10d,5d},(280d,-20d),90d>'  ~ scircle '<(280d,-10d),0d>';   
ERROR:  type "sellipse" does not exist
LINE 1: SELECT sellipse '<{10d,5d},(280d,-20d),90d>'  ~ scircle '<(2...
               ^
SELECT sellipse '<{10d,5d},(280d,-20d),90d>'  ~ scircle '<(280d, -9d),0d>';   
ERROR:  type "sellipse" does not exist
LINE 1: SELECT sellipse '<{10d,5d},(280d,-20d),90d>'  ~ scircle '<(2...
               ^
SELECT sellipse '<{10d,5d},(280d,-20d),90d>' !~ scircle '<(280d,-10d),0d>';   
ERROR:  type "sellipse" does not exist
LINE 1: SELECT sellipse '<{10d,5d},(280d,-20d),90d>' !~ scircle '<(2...
               ^
SELECT sellipse '<{10d,5d},(280d,-20d),90d>' !~ scircle '<(280d, -9d),0d>';   
ERROR:  type "sellipse" does not exist
LINE 1: SELECT sellipse '<{10d,5d},(280d,-20d),90d>' !~ scircle '<(2...
               ^
SELECT scircle '<(280d,-10d),2d>'   &&  sellipse '<{10d,5d},(280d,-20d),90d>';
ERROR:  type "scircle" does not exist
LINE 1: SELECT scircle '<(280d,-10d),2d>'   &&  sellipse '<{10d,5d},...
               ^
SELECT scircle '<(280d,  0d),2d>'   &&  sellipse '<{10d,5d},(280d,-20d),90d>';
ERROR:  type "scircle" does not exist
LINE 1: SELECT scircle '<(280d,  0d),2d>'   &&  sellipse '<{10d,5d},...
               ^
SELECT scircle '<(280d,-10d),2d>'  !&&  sellipse '<{10d,5d},(280d,-20d),90d>';
ERROR:  type "scircle" does not exist
LINE 1: SELECT scircle '<(280d,-10d),2d>'  !&&  sellipse '<{10d,5d},...
               ^
SELECT scircle '<(280d,  0d),2d>'  !&&  sellipse '<{10d,5d},(280d,-20d),90d>';
ERROR:  type "scircle" does not exist
LINE 1: SELECT scircle '<(280d,  0d),2d>'  !&&  sellipse '<{10d,5d},...
               ^
SELECT sellipse '<{10d,5d},(280d,-20d),90d>'  && scircle '<(280d,-10d),2d>' ; 
ERROR:  type "sellipse" does not exist
LINE 1: SELECT sellipse '<{10d,5d},(280d,-20d),90d>'  && scircle '<(...
               ^
SELECT sellipse '<{10d,5d},(280d,-20d),90d>'  && scircle '<(280d,  0d),2d>' ; 
ERROR:  type "sellipse" does not exist
LINE 1: SELECT sellipse '<{10d,5d},(280d,-20d),90d>'  && scircle '<(...
               ^
SELECT sellipse '<{10d,5d},(280d,-20d),90d>' !&& scircle '<(280d,-10d),2d>' ; 
ERROR:  type "sellipse" does not exist
LINE 1: SELECT sellipse '<{10d,5d},(280d,-20d),90d>' !&& scircle '<(...
               ^
SELECT sellipse '<{10d,5d},(280d,-20d),90d>' !&& scircle '<(280d,  0d),2d>' ; 
ERROR:  type "sellipse" does not exist
LINE 1: SELECT sellipse '<{10d,5d},(280d,-20d),90d>' !&& scircle '<(...
               ^
SELECT scircle '<(280d,-10d),0d>'   &&  sellipse '<{10d,5d},(280d,-20d),90d>';
ERROR:  type "scircle" does not exist
LINE 1: SELECT scircle '<(280d,-10d),0d>'   &&  sellipse '<{10d,5d},...
               ^
 
-- ellipse is circle
SELECT scircle '<(280d,-10d),2d>'   @  sellipse '<{5d,5d},(280d,-20d),90d>';
ERROR:  type "scircle" does not exist
LINE 1: SELECT scircle '<(280d,-10d),2d>'   @  sellipse '<{5d,5d},(2...
               ^
SELECT scircle '<(280d,-18d),2d>'   @  sellipse '<{5d,5d},(280d,-20d),90d>';
ERROR:  type "scircle" does not exist
LINE 1: SELECT scircle '<(280d,-18d),2d>'   @  sellipse '<{5d,5d},(2...
               ^
SELECT scircle '<(280d,-16d),2d>'   @  sellipse '<{5d,5d},(280d,-20d),90d>';
ERROR:  type "scircle" does not exist
LINE 1: SELECT scircle '<(280d,-16d),2d>'   @  sellipse '<{5d,5d},(2...
               ^
SELECT scircle '<(280d,-18d),15d>'  @  sellipse '<{5d,5d},(280d,-20d),90d>';
ERROR:  type "scircle" does not exist
LINE 1: SELECT scircle '<(280d,-18d),15d>'  @  sellipse '<{5d,5d},(2...
               ^
SELECT sellipse '<{5d,5d},(280d,-20d),90d>' @  scircle '<(280d,-10d),2d>'  ;
ERROR:  type "sellipse" does not exist
LINE 1: SELECT sellipse '<{5d,5d},(280d,-20d),90d>' @  scircle '<(28...
               ^
SELECT sellipse '<{5d,5d},(280d,-20d),90d>' @  scircle '<(280d,-18d),2d>'  ;
ERROR:  type "sellipse" does not exist
LINE 1: SELECT sellipse '<{5d,5d},(280d,-20d),90d>' @  scircle '<(28...
               ^
SELECT sellipse '<{5d,5d},(280d,-20d),90d>' @  scircle '<(280d,-16d),2d>'  ;
ERROR:  type "sellipse" does not exist
LINE 1: SELECT sellipse '<{5d,5d},(280d,-20d),90d>' @  scircle '<(28...
               ^
SELECT sellipse '<{5d,5d},(280d,-20d),90d>' @  scircle '<(280d,-18d),15d>' ;
ERROR:  type "sellipse" does not exist
LINE 1: SELECT sellipse '<{5d,5d},(280d,-20d),90d>' @  scircle '<(28...
               ^
SELECT scircle '<(280d,-10d),2d>'  &&  sellipse '<{5d,5d},(280d,-20d),90d>';
ERROR:  type "scircle" does not exist
LINE 1: SELECT scircle '<(280d,-10d),2d>'  &&  sellipse '<{5d,5d},(2...
               ^
SELECT scircle '<(280d,-18d),2d>'  &&  sellipse '<{5d,5d},(280d,-20d),90d>';
ERROR:  type "scircle" does not exist
LINE 1: SELECT scircle '<(280d,-18d),2d>'  &&  sellipse '<{5d,5d},(2...
               ^
SELECT scircle '<(280d,-16d),2d>'  &&  sellipse '<{5d,5d},(280d,-20d),90d>';
ERROR:  type "scircle" does not exist
LINE 1: SELECT scircle '<(280d,-16d),2d>'  &&  sellipse '<{5d,5d},(2...
               ^
-- ellipse is line
SELECT scircle '<(280d,-10d),0d>'   @  sellipse '<{5d,0d},(280d,-20d),90d>';
ERROR:  type "scircle" does not exist
LINE 1: SELECT scircle '<(280d,-10d),0d>'   @  sellipse '<{5d,0d},(2...
               ^
SELECT scircle '<(280d,-18d),0d>'   @  sellipse '<{5d,0d},(280d,-20d),90d>';
ERROR:  type "scircle" does not exist
LINE 1: SELECT scircle '<(280d,-18d),0d>'   @  sellipse '<{5d,0d},(2...
               ^
SELECT scircle '<(280d,-16d),0d>'   @  sellipse '<{5d,0d},(280d,-20d),90d>';
ERROR:  type "scircle" does not exist
LINE 1: SELECT scircle '<(280d,-16d),0d>'   @  sellipse '<{5d,0d},(2...
               ^
SELECT scircle '<(280d,-18d),15d>'  @  sellipse '<{5d,0d},(280d,-20d),90d>';
ERROR:  type "scircle" does not exist
LINE 1: SELECT scircle '<(280d,-18d),15d>'  @  sellipse '<{5d,0d},(2...
               ^
SELECT scircle '<(280d,-10d),0d>'  &&  sellipse '<{5d,0d},(280d,-20d),90d>';
ERROR:  type "scircle" does not exist
LINE 1: SELECT scircle '<(280d,-10d),0d>'  &&  sellipse '<{5d,0d},(2...
               ^
SELECT scircle '<(280d,-18d),0d>'  &&  sellipse '<{5d,0d},(280d,-20d),90d>';
ERROR:  type "scircle" does not exist
LINE 1: SELECT scircle '<(280d,-18d),0d>'  &&  sellipse '<{5d,0d},(2...
               ^
SELECT scircle '<(280d,-10d),2d>'   @  sellipse '<{5d,0d},(280d,-20d),90d>';
ERROR:  type "scircle" does not exist
LINE 1: SELECT scircle '<(280d,-10d),2d>'   @  sellipse '<{5d,0d},(2...
               ^
SELECT scircle '<(280d,-18d),2d>'   @  sellipse '<{5d,0d},(280d,-20d),90d>';
ERROR:  type "scircle" does not exist
LINE 1: SELECT scircle '<(280d,-18d),2d>'   @  sellipse '<{5d,0d},(2...
               ^
SELECT scircle '<(280d,-16d),2d>'   @  sellipse '<{5d,0d},(280d,-20d),90d>';
ERROR:  type "scircle" does not exist
LINE 1: SELECT scircle '<(280d,-16d),2d>'   @  sellipse '<{5d,0d},(2...
               ^
SELECT scircle '<(280d,-10d),2d>'  &&  sellipse '<{5d,0d},(280d,-20d),90d>';
ERROR:  type "scircle" does not exist
LINE 1: SELECT scircle '<(280d,-10d),2d>'  &&  sellipse '<{5d,0d},(2...
               ^
SELECT scircle '<(280d,-18d),2d>'  &&  sellipse '<{5d,0d},(280d,-20d),90d>';
ERROR:  type "scircle" does not exist
LINE 1: SELECT scircle '<(280d,-18d),2d>'  &&  sellipse '<{5d,0d},(2...
               ^
SELECT sellipse '<{5d,0d},(280d,-20d),90d>' @ scircle '<(280d,-18d),15d>'  ;
ERROR:  type "sellipse" does not exist
LINE 1: SELECT sellipse '<{5d,0d},(280d,-20d),90d>' @ scircle '<(280...
               ^
--
--ellipse and line (@,&&)
--
-- negators and commutators
SELECT sline ( spoint '(280d, -9d)', spoint '(280d, -8d)' )   @  sellipse '<{10d,5d},(280d,-20d),90d>';
ERROR:  type "spoint" does not exist
LINE 1: SELECT sline ( spoint '(280d, -9d)', spoint '(280d, -8d)' ) ...
                       ^
SELECT sline ( spoint '(280d, -9d)', spoint '(280d,-12d)' )   @  sellipse '<{10d,5d},(280d,-20d),90d>';
ERROR:  type "spoint" does not exist
LINE 1: SELECT sline ( spoint '(280d, -9d)', spoint '(280d,-12d)' ) ...
                       ^
SELECT sline ( spoint '(280d,-11d)', spoint '(280d,-12d)' )   @  sellipse '<{10d,5d},(280d,-20d),90d>';
ERROR:  type "spoint" does not exist
LINE 1: SELECT sline ( spoint '(280d,-11d)', spoint '(280d,-12d)' ) ...
                       ^
SELECT sline ( spoint '(280d, -9d)', spoint '(280d, -8d)' )  &&  sellipse '<{10d,5d},(280d,-20d),90d>';
ERROR:  type "spoint" does not exist
LINE 1: SELECT sline ( spoint '(280d, -9d)', spoint '(280d, -8d)' ) ...
                       ^
SELECT sline ( spoint '(280d, -9d)', spoint '(280d,-12d)' )  &&  sellipse '<{10d,5d},(280d,-20d),90d>';
ERROR:  type "spoint" does not exist
LINE 1: SELECT sline ( spoint '(280d, -9d)', spoint '(280d,-12d)' ) ...
                       ^
SELECT sline ( spoint '(280d,-11d)', spoint '(280d,-12d)' )  &&  sellipse '<{10d,5d},(280d,-20d),90d>';
ERROR:  type "spoint" does not exist
LINE 1: SELECT sline ( spoint '(280d,-11d)', spoint '(280d,-12d)' ) ...
                       ^
SELECT sline ( spoint '(280d, -9d)', spoint '(280d, -8d)' )  !@  sellipse '<{10d,5d},(280d,-20d),90d>';
ERROR:  type "spoint" does not exist
LINE 1: SELECT sline ( spoint '(280d, -9d)', spoint '(280d, -8d)' ) ...
                       ^
SELECT sline ( spoint '(280d, -9d)', spoint '(280d,-12d)' )  !@  sellipse '<{10d,5d},(280d,-20d),90d>';
ERROR:  type "spoint" does not exist
LINE 1: SELECT sline ( spoint '(280d, -9d)', spoint '(280d,-12d)' ) ...
                       ^
SELECT sline ( spoint '(280d,-11d)', spoint '(280d,-12d)' )  !@  sellipse '<{10d,5d},(280d,-20d),90d>';
ERROR:  type "spoint" does not exist
LINE 1: SELECT sline ( spoint '(280d,-11d)', spoint '(280d,-12d)' ) ...
                       ^
SELECT sline ( spoint '(280d, -9d)', spoint '(280d, -8d)' ) !&&  sellipse '<{10d,5d},(280d,-20d),90d>';
ERROR:  type "spoint" does not exist
LINE 1: SELECT sline ( spoint '(280d, -9d)', spoint '(280d, -8d)' ) ...
                       ^
SELECT sline ( spoint '(280d, -9d)', spoint '(280d,-12d)' ) !&&  sellipse '<{10d,5d},(280d,-20d),90d>';
ERROR:  type "spoint" does not exist
LINE 1: SELECT sline ( spoint '(280d, -9d)', spoint '(280d,-12d)' ) ...
                       ^
SELECT sline ( spoint '(280d,-11d)', spoint '(280d,-12d)' ) !&&  sellipse '<{10d,5d},(280d,-20d),90d>';
ERROR:  type "spoint" does not exist
LINE 1: SELECT sline ( spoint '(280d,-11d)', spoint '(280d,-12d)' ) ...
                       ^
SELECT sellipse '<{10d,5d},(280d,-20d),90d>'   ~  sline ( spoint '(280d, -9d)', spoint '(280d, -8d)' );
ERROR:  type "sellipse" does not exist
LINE 1: SELECT sellipse '<{10d,5d},(280d,-20d),90d>'   ~  sline ( sp...
               ^
SELECT sellipse '<{10d,5d},(280d,-20d),90d>'   ~  sline ( spoint '(280d, -9d)', spoint '(280d,-12d)' );
ERROR:  type "sellipse" does not exist
LINE 1: SELECT sellipse '<{10d,5d},(280d,-20d),90d>'   ~  sline ( sp...
               ^
SELECT sellipse '<{10d,5d},(280d,-20d),90d>'   ~  sline ( spoint '(280d,-11d)', spoint '(280d,-12d)' );
ERROR:  type "sellipse" does not exist
LINE 1: SELECT sellipse '<{10d,5d},(280d,-20d),90d>'   ~  sline ( sp...
               ^
SELECT sellipse '<{10d,5d},(280d,-20d),90d>'   &&  sline ( spoint '(280d, -9d)', spoint '(280d, -8d)' );
ERROR:  type "sellipse" does not exist
LINE 1: SELECT sellipse '<{10d,5d},(280d,-20d),90d>'   &&  sline ( s...
               ^
SELECT sellipse '<{10d,5d},(280d,-20d),90d>'   &&  sline ( spoint '(280d, -9d)', spoint '(280d,-12d)' );
ERROR:  type "sellipse" does not exist
LINE 1: SELECT sellipse '<{10d,5d},(280d,-20d),90d>'   &&  sline ( s...
               ^
SELECT sellipse '<{10d,5d},(280d,-20d),90d>'   &&  sline ( spoint '(280d,-11d)', spoint '(280d,-12d)' );
ERROR:  type "sellipse" does not exist
LINE 1: SELECT sellipse '<{10d,5d},(280d,-20d),90d>'   &&  sline ( s...
               ^
SELECT sellipse '<{10d,5d},(280d,-20d),90d>'  !~  sline ( spoint '(280d, -9d)', spoint '(280d, -8d)' ); 
ERROR:  type "sellipse" does not exist
LINE 1: SELECT sellipse '<{10d,5d},(280d,-20d),90d>'  !~  sline ( sp...
               ^
SELECT sellipse '<{10d,5d},(280d,-20d),90d>'  !~  sline ( spoint '(280d, -9d)', spoint '(280d,-12d)' ); 
ERROR:  type "sellipse" does not exist
LINE 1: SELECT sellipse '<{10d,5d},(280d,-20d),90d>'  !~  sline ( sp...
               ^
SELECT sellipse '<{10d,5d},(280d,-20d),90d>'  !~  sline ( spoint '(280d,-11d)', spoint '(280d,-12d)' ); 
ERROR:  type "sellipse" does not exist
LINE 1: SELECT sellipse '<{10d,5d},(280d,-20d),90d>'  !~  sline ( sp...
               ^
SELECT sellipse '<{10d,5d},(280d,-20d),90d>'  !&&  sline ( spoint '(280d, -9d)', spoint '(280d, -8d)' );
ERROR:  type "sellipse" does not exist
LINE 1: SELECT sellipse '<{10d,5d},(280d,-20d),90d>'  !&&  sline ( s...
               ^
SELECT sellipse '<{10d,5d},(280d,-20d),90d>'  !&&  sline ( spoint '(280d, -9d)', spoint '(280d,-12d)' );
ERROR:  type "sellipse" does not exist
LINE 1: SELECT sellipse '<{10d,5d},(280d,-20d),90d>'  !&&  sline ( s...
               ^
SELECT sellipse '<{10d,5d},(280d,-20d),90d>'  !&&  sline ( spoint '(280d,-11d)', spoint '(280d,-12d)' );
ERROR:  type "sellipse" does not exist
LINE 1: SELECT sellipse '<{10d,5d},(280d,-20d),90d>'  !&&  sline ( s...
               ^
-- line is point , ellipse is point
SELECT sline ( spoint '(280d, -8d)', spoint '(280d, -8d)' )   @  sellipse '<{0d,0d},(280d,-20d),90d>';
ERROR:  type "spoint" does not exist
LINE 1: SELECT sline ( spoint '(280d, -8d)', spoint '(280d, -8d)' ) ...
                       ^
SELECT sline ( spoint '(280d, -8d)', spoint '(280d, -8d)' )   @  sellipse '<{0d,0d},(280d, -8d),90d>';
ERROR:  type "spoint" does not exist
LINE 1: SELECT sline ( spoint '(280d, -8d)', spoint '(280d, -8d)' ) ...
                       ^
SELECT sline ( spoint '(280d, -8d)', spoint '(280d, -8d)' )  &&  sellipse '<{0d,0d},(280d,-20d),90d>';
ERROR:  type "spoint" does not exist
LINE 1: SELECT sline ( spoint '(280d, -8d)', spoint '(280d, -8d)' ) ...
                       ^
SELECT sline ( spoint '(280d, -8d)', spoint '(280d, -8d)' )  &&  sellipse '<{0d,0d},(280d, -8d),90d>';
ERROR:  type "spoint" does not exist
LINE 1: SELECT sline ( spoint '(280d, -8d)', spoint '(280d, -8d)' ) ...
                       ^
-- line is point , ellipse is circle
SELECT sline ( spoint '(280d, -8d)', spoint '(280d, -8d)' )   @  sellipse '<{5d,5d},(280d,-20d),90d>';
ERROR:  type "spoint" does not exist
LINE 1: SELECT sline ( spoint '(280d, -8d)', spoint '(280d, -8d)' ) ...
                       ^
SELECT sline ( spoint '(280d, -8d)', spoint '(280d, -8d)' )   @  sellipse '<{5d,5d},(280d, -8d),90d>';
ERROR:  type "spoint" does not exist
LINE 1: SELECT sline ( spoint '(280d, -8d)', spoint '(280d, -8d)' ) ...
                       ^
SELECT sline ( spoint '(280d, -8d)', spoint '(280d, -8d)' )  &&  sellipse '<{5d,5d},(280d,-20d),90d>';
ERROR:  type "spoint" does not exist
LINE 1: SELECT sline ( spoint '(280d, -8d)', spoint '(280d, -8d)' ) ...
                       ^
SELECT sline ( spoint '(280d, -8d)', spoint '(280d, -8d)' )  &&  sellipse '<{5d,5d},(280d, -8d),90d>';
ERROR:  type "spoint" does not exist
LINE 1: SELECT sline ( spoint '(280d, -8d)', spoint '(280d, -8d)' ) ...
                       ^
-- line is point , ellipse is a real ellipse
SELECT sline ( spoint '(280d, -8d)', spoint '(280d, -8d)' )   @  sellipse '<{10d,5d},(280d,-20d),90d>';
ERROR:  type "spoint" does not exist
LINE 1: SELECT sline ( spoint '(280d, -8d)', spoint '(280d, -8d)' ) ...
                       ^
SELECT sline ( spoint '(280d, -8d)', spoint '(280d, -8d)' )   @  sellipse '<{10d,5d},(280d, -8d),90d>';
ERROR:  type "spoint" does not exist
LINE 1: SELECT sline ( spoint '(280d, -8d)', spoint '(280d, -8d)' ) ...
                       ^
SELECT sline ( spoint '(280d, -8d)', spoint '(280d, -8d)' )  &&  sellipse '<{10d,5d},(280d,-20d),90d>';
ERROR:  type "spoint" does not exist
LINE 1: SELECT sline ( spoint '(280d, -8d)', spoint '(280d, -8d)' ) ...
                       ^
SELECT sline ( spoint '(280d, -8d)', spoint '(280d, -8d)' )  &&  sellipse '<{10d,5d},(280d, -8d),90d>';
ERROR:  type "spoint" does not exist
LINE 1: SELECT sline ( spoint '(280d, -8d)', spoint '(280d, -8d)' ) ...
                       ^
-- line is a real line , ellipse is point
SELECT sline ( spoint '(280d, -8d)', spoint '(280d, -9d)' )   @  sellipse '<{0d,0d},(280d,-20d),90d>';
ERROR:  type "spoint" does not exist
LINE 1: SELECT sline ( spoint '(280d, -8d)', spoint '(280d, -9d)' ) ...
                       ^
SELECT sline ( spoint '(280d, -8d)', spoint '(280d, -9d)' )   @  sellipse '<{0d,0d},(280d, -8d),90d>';
ERROR:  type "spoint" does not exist
LINE 1: SELECT sline ( spoint '(280d, -8d)', spoint '(280d, -9d)' ) ...
                       ^
SELECT sline ( spoint '(280d, -8d)', spoint '(280d, -9d)' )  &&  sellipse '<{0d,0d},(280d,-20d),90d>';
ERROR:  type "spoint" does not exist
LINE 1: SELECT sline ( spoint '(280d, -8d)', spoint '(280d, -9d)' ) ...
                       ^
SELECT sline ( spoint '(280d, -8d)', spoint '(280d, -9d)' )  &&  sellipse '<{0d,0d},(280d, -8d),90d>';
ERROR:  type "spoint" does not exist
LINE 1: SELECT sline ( spoint '(280d, -8d)', spoint '(280d, -9d)' ) ...
                       ^
-- line is a real line , ellipse is circle
SELECT sline ( spoint '(280d, -8d)', spoint '(280d, -9d)' )   @  sellipse '<{5d,5d},(280d,-20d),90d>';
ERROR:  type "spoint" does not exist
LINE 1: SELECT sline ( spoint '(280d, -8d)', spoint '(280d, -9d)' ) ...
                       ^
SELECT sline ( spoint '(280d, -8d)', spoint '(280d, -9d)' )   @  sellipse '<{5d,5d},(280d, -8d),90d>';
ERROR:  type "spoint" does not exist
LINE 1: SELECT sline ( spoint '(280d, -8d)', spoint '(280d, -9d)' ) ...
                       ^
SELECT sline ( spoint '(280d, -8d)', spoint '(280d, -9d)' )  &&  sellipse '<{5d,5d},(280d,-20d),90d>';
ERROR:  type "spoint" does not exist
LINE 1: SELECT sline ( spoint '(280d, -8d)', spoint '(280d, -9d)' ) ...
                       ^
SELECT sline ( spoint '(280d, -8d)', spoint '(280d, -9d)' )  &&  sellipse '<{5d,5d},(280d, -8d),90d>';
ERROR:  type "spoint" does not exist
LINE 1: SELECT sline ( spoint '(280d, -8d)', spoint '(280d, -9d)' ) ...
                       ^
-- line is a real line , ellipse is line
SELECT sline ( spoint '(280d, -8d)', spoint '(280d, -9d)' )   @  sellipse '<{5d,0d},(280d,-20d),90d>';
ERROR:  type "spoint" does not exist
LINE 1: SELECT sline ( spoint '(280d, -8d)', spoint '(280d, -9d)' ) ...
                       ^
SELECT sline ( spoint '(280d, -8d)', spoint '(280d, -9d)' )   @  sellipse '<{5d,0d},(280d, -8d),90d>';
ERROR:  type "spoint" does not exist
LINE 1: SELECT sline ( spoint '(280d, -8d)', spoint '(280d, -9d)' ) ...
                       ^
SELECT sline ( spoint '(280d, -8d)', spoint '(280d, -9d)' )  &&  sellipse '<{5d,0d},(280d,-20d),90d>';
ERROR:  type "spoint" does not exist
LINE 1: SELECT sline ( spoint '(280d, -8d)', spoint '(280d, -9d)' ) ...
                       ^
SELECT sline ( spoint '(280d, -8d)', spoint '(280d, -9d)' )  &&  sellipse '<{5d,0d},(280d, -8d),90d>';
ERROR:  type "spoint" does not exist
LINE 1: SELECT sline ( spoint '(280d, -8d)', spoint '(280d, -9d)' ) ...
                       ^
-- line is a real line , ellipse is a real ellipse
SELECT sline ( spoint '(280d, -8d)', spoint '(280d, -9d)' )   @  sellipse '<{10d,5d},(280d,-20d),90d>';
ERROR:  type "spoint" does not exist
LINE 1: SELECT sline ( spoint '(280d, -8d)', spoint '(280d, -9d)' ) ...
                       ^
SELECT sline ( spoint '(280d, -8d)', spoint '(280d, -9d)' )   @  sellipse '<{10d,5d},(280d, -8d),90d>';
ERROR:  type "spoint" does not exist
LINE 1: SELECT sline ( spoint '(280d, -8d)', spoint '(280d, -9d)' ) ...
                       ^
SELECT sline ( spoint '(280d, -8d)', spoint '(280d, -9d)' )  &&  sellipse '<{10d,5d},(280d,-20d),90d>';
ERROR:  type "spoint" does not exist
LINE 1: SELECT sline ( spoint '(280d, -8d)', spoint '(280d, -9d)' ) ...
                       ^
SELECT sline ( spoint '(280d, -8d)', spoint '(280d, -9d)' )  &&  sellipse '<{10d,5d},(280d, -8d),90d>';
ERROR:  type "spoint" does not exist
LINE 1: SELECT sline ( spoint '(280d, -8d)', spoint '(280d, -9d)' ) ...
                       ^
--
-- ellipse and ellipse
--
  
-- check @
SELECT sellipse '<{10d, 5d},(300d,0d),  0d>' @ sellipse '<{10d,5d},(300d,0d),0d>';
ERROR:  type "sellipse" does not exist
LINE 1: SELECT sellipse '<{10d, 5d},(300d,0d),  0d>' @ sellipse '<{1...
               ^
SELECT sellipse '<{10d, 5d},(300d,0d), 90d>' @ sellipse '<{10d,5d},(300d,0d),0d>';
ERROR:  type "sellipse" does not exist
LINE 1: SELECT sellipse '<{10d, 5d},(300d,0d), 90d>' @ sellipse '<{1...
               ^
SELECT sellipse '<{10d, 5d},(300d,0d),180d>' @ sellipse '<{10d,5d},(300d,0d),0d>';
ERROR:  type "sellipse" does not exist
LINE 1: SELECT sellipse '<{10d, 5d},(300d,0d),180d>' @ sellipse '<{1...
               ^
SELECT sellipse '<{10d, 5d},(300d,0d),270d>' @ sellipse '<{10d,5d},(300d,0d),0d>';
ERROR:  type "sellipse" does not exist
LINE 1: SELECT sellipse '<{10d, 5d},(300d,0d),270d>' @ sellipse '<{1...
               ^
SELECT sellipse '<{ 2d, 1d},( 52d,6d),  0d>' @ sellipse '<{10d,5d},(50d,5d),45d>';
ERROR:  type "sellipse" does not exist
LINE 1: SELECT sellipse '<{ 2d, 1d},( 52d,6d),  0d>' @ sellipse '<{1...
               ^
-- negators , commutator @,&&
SELECT sellipse '<{ 2d, 1d},( 52d,6d),  0d>'   @ sellipse '<{10d,5d},(50d,5d),45d>';
ERROR:  type "sellipse" does not exist
LINE 1: SELECT sellipse '<{ 2d, 1d},( 52d,6d),  0d>'   @ sellipse '<...
               ^
SELECT sellipse '<{10d, 5d},( 52d,6d),  0d>'   @ sellipse '<{10d,5d},(50d,5d),45d>';
ERROR:  type "sellipse" does not exist
LINE 1: SELECT sellipse '<{10d, 5d},( 52d,6d),  0d>'   @ sellipse '<...
               ^
SELECT sellipse '<{10d, 5d},( 90d,9d),  0d>'   @ sellipse '<{10d,5d},(50d,5d),45d>';
ERROR:  type "sellipse" does not exist
LINE 1: SELECT sellipse '<{10d, 5d},( 90d,9d),  0d>'   @ sellipse '<...
               ^
SELECT sellipse '<{ 2d, 1d},( 52d,6d),  0d>'  && sellipse '<{10d,5d},(50d,5d),45d>';
ERROR:  type "sellipse" does not exist
LINE 1: SELECT sellipse '<{ 2d, 1d},( 52d,6d),  0d>'  && sellipse '<...
               ^
SELECT sellipse '<{10d, 5d},( 52d,6d),  0d>'  && sellipse '<{10d,5d},(50d,5d),45d>';
ERROR:  type "sellipse" does not exist
LINE 1: SELECT sellipse '<{10d, 5d},( 52d,6d),  0d>'  && sellipse '<...
               ^
SELECT sellipse '<{10d, 5d},( 90d,9d),  0d>'  && sellipse '<{10d,5d},(50d,5d),45d>';
ERROR:  type "sellipse" does not exist
LINE 1: SELECT sellipse '<{10d, 5d},( 90d,9d),  0d>'  && sellipse '<...
               ^
SELECT sellipse '<{ 2d, 1d},( 52d,6d),  0d>'  !@ sellipse '<{10d,5d},(50d,5d),45d>';
ERROR:  type "sellipse" does not exist
LINE 1: SELECT sellipse '<{ 2d, 1d},( 52d,6d),  0d>'  !@ sellipse '<...
               ^
SELECT sellipse '<{10d, 5d},( 52d,6d),  0d>'  !@ sellipse '<{10d,5d},(50d,5d),45d>';
ERROR:  type "sellipse" does not exist
LINE 1: SELECT sellipse '<{10d, 5d},( 52d,6d),  0d>'  !@ sellipse '<...
               ^
SELECT sellipse '<{10d, 5d},( 90d,9d),  0d>'  !@ sellipse '<{10d,5d},(50d,5d),45d>';
ERROR:  type "sellipse" does not exist
LINE 1: SELECT sellipse '<{10d, 5d},( 90d,9d),  0d>'  !@ sellipse '<...
               ^
SELECT sellipse '<{ 2d, 1d},( 52d,6d),  0d>' !&& sellipse '<{10d,5d},(50d,5d),45d>';
ERROR:  type "sellipse" does not exist
LINE 1: SELECT sellipse '<{ 2d, 1d},( 52d,6d),  0d>' !&& sellipse '<...
               ^
SELECT sellipse '<{10d, 5d},( 52d,6d),  0d>' !&& sellipse '<{10d,5d},(50d,5d),45d>';
ERROR:  type "sellipse" does not exist
LINE 1: SELECT sellipse '<{10d, 5d},( 52d,6d),  0d>' !&& sellipse '<...
               ^
SELECT sellipse '<{10d, 5d},( 90d,9d),  0d>' !&& sellipse '<{10d,5d},(50d,5d),45d>';
ERROR:  type "sellipse" does not exist
LINE 1: SELECT sellipse '<{10d, 5d},( 90d,9d),  0d>' !&& sellipse '<...
               ^
SELECT sellipse '<{10d,5d},(50d,5d),45d>'  ~ sellipse '<{ 2d, 1d},( 52d,6d),  0d>'; 
ERROR:  type "sellipse" does not exist
LINE 1: SELECT sellipse '<{10d,5d},(50d,5d),45d>'  ~ sellipse '<{ 2d...
               ^
SELECT sellipse '<{10d,5d},(50d,5d),45d>'  ~ sellipse '<{10d, 5d},( 52d,6d),  0d>'; 
ERROR:  type "sellipse" does not exist
LINE 1: SELECT sellipse '<{10d,5d},(50d,5d),45d>'  ~ sellipse '<{10d...
               ^
SELECT sellipse '<{10d,5d},(50d,5d),45d>'  ~ sellipse '<{10d, 5d},( 90d,9d),  0d>'; 
ERROR:  type "sellipse" does not exist
LINE 1: SELECT sellipse '<{10d,5d},(50d,5d),45d>'  ~ sellipse '<{10d...
               ^
SELECT sellipse '<{10d,5d},(50d,5d),45d>'  && sellipse '<{ 2d, 1d},( 52d,6d),  0d>';
ERROR:  type "sellipse" does not exist
LINE 1: SELECT sellipse '<{10d,5d},(50d,5d),45d>'  && sellipse '<{ 2...
               ^
SELECT sellipse '<{10d,5d},(50d,5d),45d>'  && sellipse '<{10d, 5d},( 52d,6d),  0d>';
ERROR:  type "sellipse" does not exist
LINE 1: SELECT sellipse '<{10d,5d},(50d,5d),45d>'  && sellipse '<{10...
               ^
SELECT sellipse '<{10d,5d},(50d,5d),45d>'  && sellipse '<{10d, 5d},( 90d,9d),  0d>';
ERROR:  type "sellipse" does not exist
LINE 1: SELECT sellipse '<{10d,5d},(50d,5d),45d>'  && sellipse '<{10...
               ^
SELECT sellipse '<{10d,5d},(50d,5d),45d>' !~ sellipse '<{ 2d, 1d},( 52d,6d),  0d>'; 
ERROR:  type "sellipse" does not exist
LINE 1: SELECT sellipse '<{10d,5d},(50d,5d),45d>' !~ sellipse '<{ 2d...
               ^
SELECT sellipse '<{10d,5d},(50d,5d),45d>' !~ sellipse '<{10d, 5d},( 52d,6d),  0d>'; 
ERROR:  type "sellipse" does not exist
LINE 1: SELECT sellipse '<{10d,5d},(50d,5d),45d>' !~ sellipse '<{10d...
               ^
SELECT sellipse '<{10d,5d},(50d,5d),45d>' !~ sellipse '<{10d, 5d},( 90d,9d),  0d>'; 
ERROR:  type "sellipse" does not exist
LINE 1: SELECT sellipse '<{10d,5d},(50d,5d),45d>' !~ sellipse '<{10d...
               ^
SELECT sellipse '<{10d,5d},(50d,5d),45d>' !&& sellipse '<{ 2d, 1d},( 52d,6d),  0d>';
ERROR:  type "sellipse" does not exist
LINE 1: SELECT sellipse '<{10d,5d},(50d,5d),45d>' !&& sellipse '<{ 2...
               ^
SELECT sellipse '<{10d,5d},(50d,5d),45d>' !&& sellipse '<{10d, 5d},( 52d,6d),  0d>';
ERROR:  type "sellipse" does not exist
LINE 1: SELECT sellipse '<{10d,5d},(50d,5d),45d>' !&& sellipse '<{10...
               ^
SELECT sellipse '<{10d,5d},(50d,5d),45d>' !&& sellipse '<{10d, 5d},( 90d,9d),  0d>';
ERROR:  type "sellipse" does not exist
LINE 1: SELECT sellipse '<{10d,5d},(50d,5d),45d>' !&& sellipse '<{10...
               ^
-- left ellipse is point         right ellipse is point
SELECT sellipse '<{ 0d, 0d},( 50d,-5d),  0d>'   @ sellipse '<{0d,0d},(50d,-5d),45d>';
ERROR:  type "sellipse" does not exist
LINE 1: SELECT sellipse '<{ 0d, 0d},( 50d,-5d),  0d>'   @ sellipse '...
               ^
SELECT sellipse '<{ 0d, 0d},( 50d,-6d),  0d>'   @ sellipse '<{0d,0d},(50d,-5d),45d>';
ERROR:  type "sellipse" does not exist
LINE 1: SELECT sellipse '<{ 0d, 0d},( 50d,-6d),  0d>'   @ sellipse '...
               ^
SELECT sellipse '<{ 0d, 0d},( 50d,-5d),  0d>'  && sellipse '<{0d,0d},(50d,-5d),45d>';
ERROR:  type "sellipse" does not exist
LINE 1: SELECT sellipse '<{ 0d, 0d},( 50d,-5d),  0d>'  && sellipse '...
               ^
SELECT sellipse '<{ 0d, 0d},( 50d,-6d),  0d>'  && sellipse '<{0d,0d},(50d,-5d),45d>';
ERROR:  type "sellipse" does not exist
LINE 1: SELECT sellipse '<{ 0d, 0d},( 50d,-6d),  0d>'  && sellipse '...
               ^
-- left ellipse is line          right ellipse is point
SELECT sellipse '<{ 5d, 0d},( 50d, -2d), 90d>'   @ sellipse '<{0d,0d},(50d,-5d),0d>';
ERROR:  type "sellipse" does not exist
LINE 1: SELECT sellipse '<{ 5d, 0d},( 50d, -2d), 90d>'   @ sellipse ...
               ^
SELECT sellipse '<{ 5d, 0d},( 50d,-12d), 90d>'   @ sellipse '<{0d,0d},(50d,-5d),0d>';
ERROR:  type "sellipse" does not exist
LINE 1: SELECT sellipse '<{ 5d, 0d},( 50d,-12d), 90d>'   @ sellipse ...
               ^
SELECT sellipse '<{ 5d, 0d},( 50d, -2d), 90d>'  && sellipse '<{0d,0d},(50d,-5d),0d>';
ERROR:  type "sellipse" does not exist
LINE 1: SELECT sellipse '<{ 5d, 0d},( 50d, -2d), 90d>'  && sellipse ...
               ^
SELECT sellipse '<{ 5d, 0d},( 50d,-12d), 90d>'  && sellipse '<{0d,0d},(50d,-5d),0d>';
ERROR:  type "sellipse" does not exist
LINE 1: SELECT sellipse '<{ 5d, 0d},( 50d,-12d), 90d>'  && sellipse ...
               ^
-- left ellipse is circle        right ellipse is point
SELECT sellipse '<{ 5d, 5d},( 50d, -2d), 90d>'   @ sellipse '<{0d,0d},(50d,-5d),0d>';
ERROR:  type "sellipse" does not exist
LINE 1: SELECT sellipse '<{ 5d, 5d},( 50d, -2d), 90d>'   @ sellipse ...
               ^
SELECT sellipse '<{ 5d, 5d},( 50d,-12d), 90d>'   @ sellipse '<{0d,0d},(50d,-5d),0d>';
ERROR:  type "sellipse" does not exist
LINE 1: SELECT sellipse '<{ 5d, 5d},( 50d,-12d), 90d>'   @ sellipse ...
               ^
SELECT sellipse '<{ 5d, 5d},( 50d, -2d), 90d>'  && sellipse '<{0d,0d},(50d,-5d),0d>';
ERROR:  type "sellipse" does not exist
LINE 1: SELECT sellipse '<{ 5d, 5d},( 50d, -2d), 90d>'  && sellipse ...
               ^
SELECT sellipse '<{ 5d, 5d},( 50d,-12d), 90d>'  && sellipse '<{0d,0d},(50d,-5d),0d>';
ERROR:  type "sellipse" does not exist
LINE 1: SELECT sellipse '<{ 5d, 5d},( 50d,-12d), 90d>'  && sellipse ...
               ^
-- left ellipse is real ellipse  right ellipse is point
SELECT sellipse '<{ 5d, 3d},( 50d, -2d), 90d>'   @ sellipse '<{0d,0d},(50d,-5d),0d>';
ERROR:  type "sellipse" does not exist
LINE 1: SELECT sellipse '<{ 5d, 3d},( 50d, -2d), 90d>'   @ sellipse ...
               ^
SELECT sellipse '<{ 5d, 3d},( 50d,-12d), 90d>'   @ sellipse '<{0d,0d},(50d,-5d),0d>';
ERROR:  type "sellipse" does not exist
LINE 1: SELECT sellipse '<{ 5d, 3d},( 50d,-12d), 90d>'   @ sellipse ...
               ^
SELECT sellipse '<{ 5d, 3d},( 50d, -2d), 90d>'  && sellipse '<{0d,0d},(50d,-5d),0d>';
ERROR:  type "sellipse" does not exist
LINE 1: SELECT sellipse '<{ 5d, 3d},( 50d, -2d), 90d>'  && sellipse ...
               ^
SELECT sellipse '<{ 5d, 3d},( 50d,-12d), 90d>'  && sellipse '<{0d,0d},(50d,-5d),0d>';
ERROR:  type "sellipse" does not exist
LINE 1: SELECT sellipse '<{ 5d, 3d},( 50d,-12d), 90d>'  && sellipse ...
               ^
-- left ellipse is point         right ellipse is line
SELECT sellipse '<{ 0d, 0d},( 50d,-5d),  0d>'   @ sellipse '<{5d,0d},(50d,-5d),90d>';
ERROR:  type "sellipse" does not exist
LINE 1: SELECT sellipse '<{ 0d, 0d},( 50d,-5d),  0d>'   @ sellipse '...
               ^
SELECT sellipse '<{ 0d, 0d},( 50d,-6d),  0d>'   @ sellipse '<{5d,0d},(50d,-5d),90d>';
ERROR:  type "sellipse" does not exist
LINE 1: SELECT sellipse '<{ 0d, 0d},( 50d,-6d),  0d>'   @ sellipse '...
               ^
SELECT sellipse '<{ 0d, 0d},( 50d, 6d),  0d>'   @ sellipse '<{5d,0d},(50d,-5d),90d>';
ERROR:  type "sellipse" does not exist
LINE 1: SELECT sellipse '<{ 0d, 0d},( 50d, 6d),  0d>'   @ sellipse '...
               ^
SELECT sellipse '<{ 0d, 0d},( 50d,-5d),  0d>'  && sellipse '<{5d,0d},(50d,-5d),90d>';
ERROR:  type "sellipse" does not exist
LINE 1: SELECT sellipse '<{ 0d, 0d},( 50d,-5d),  0d>'  && sellipse '...
               ^
SELECT sellipse '<{ 0d, 0d},( 50d,-6d),  0d>'  && sellipse '<{5d,0d},(50d,-5d),90d>';
ERROR:  type "sellipse" does not exist
LINE 1: SELECT sellipse '<{ 0d, 0d},( 50d,-6d),  0d>'  && sellipse '...
               ^
SELECT sellipse '<{ 0d, 0d},( 50d, 6d),  0d>'  && sellipse '<{5d,0d},(50d,-5d),90d>';
ERROR:  type "sellipse" does not exist
LINE 1: SELECT sellipse '<{ 0d, 0d},( 50d, 6d),  0d>'  && sellipse '...
               ^
-- left ellipse is line         right ellipse is line
SELECT sellipse '<{ 3d, 0d},( 50d,-5d), 90d>'   @ sellipse '<{5d,0d},(50d,-5d),90d>';
ERROR:  type "sellipse" does not exist
LINE 1: SELECT sellipse '<{ 3d, 0d},( 50d,-5d), 90d>'   @ sellipse '...
               ^
SELECT sellipse '<{ 3d, 0d},( 50d,-8d), 90d>'   @ sellipse '<{5d,0d},(50d,-5d),90d>';
ERROR:  type "sellipse" does not exist
LINE 1: SELECT sellipse '<{ 3d, 0d},( 50d,-8d), 90d>'   @ sellipse '...
               ^
SELECT sellipse '<{ 3d, 0d},( 50d,-6d),  0d>'   @ sellipse '<{5d,0d},(50d,-5d),90d>';
ERROR:  type "sellipse" does not exist
LINE 1: SELECT sellipse '<{ 3d, 0d},( 50d,-6d),  0d>'   @ sellipse '...
               ^
SELECT sellipse '<{ 3d, 0d},( 50d, 6d), 90d>'   @ sellipse '<{5d,0d},(50d,-5d),90d>';
ERROR:  type "sellipse" does not exist
LINE 1: SELECT sellipse '<{ 3d, 0d},( 50d, 6d), 90d>'   @ sellipse '...
               ^
SELECT sellipse '<{ 3d, 0d},( 50d,-5d), 90d>'  && sellipse '<{5d,0d},(50d,-5d),90d>';
ERROR:  type "sellipse" does not exist
LINE 1: SELECT sellipse '<{ 3d, 0d},( 50d,-5d), 90d>'  && sellipse '...
               ^
SELECT sellipse '<{ 3d, 0d},( 50d,-8d), 90d>'  && sellipse '<{5d,0d},(50d,-5d),90d>';
ERROR:  type "sellipse" does not exist
LINE 1: SELECT sellipse '<{ 3d, 0d},( 50d,-8d), 90d>'  && sellipse '...
               ^
SELECT sellipse '<{ 3d, 0d},( 50d,-6d),  0d>'  && sellipse '<{5d,0d},(50d,-5d),90d>';
ERROR:  type "sellipse" does not exist
LINE 1: SELECT sellipse '<{ 3d, 0d},( 50d,-6d),  0d>'  && sellipse '...
               ^
SELECT sellipse '<{ 3d, 0d},( 50d, 6d), 90d>'  && sellipse '<{5d,0d},(50d,-5d),90d>';
ERROR:  type "sellipse" does not exist
LINE 1: SELECT sellipse '<{ 3d, 0d},( 50d, 6d), 90d>'  && sellipse '...
               ^
-- left ellipse is circle         right ellipse is line
SELECT sellipse '<{ 3d, 3d},( 50d,-5d), 90d>'   @ sellipse '<{5d,0d},(50d,-5d),90d>';
ERROR:  type "sellipse" does not exist
LINE 1: SELECT sellipse '<{ 3d, 3d},( 50d,-5d), 90d>'   @ sellipse '...
               ^
SELECT sellipse '<{ 3d, 3d},( 50d,-8d), 90d>'   @ sellipse '<{5d,0d},(50d,-5d),90d>';
ERROR:  type "sellipse" does not exist
LINE 1: SELECT sellipse '<{ 3d, 3d},( 50d,-8d), 90d>'   @ sellipse '...
               ^
SELECT sellipse '<{ 3d, 3d},( 50d,-6d),  0d>'   @ sellipse '<{5d,0d},(50d,-5d),90d>';
ERROR:  type "sellipse" does not exist
LINE 1: SELECT sellipse '<{ 3d, 3d},( 50d,-6d),  0d>'   @ sellipse '...
               ^
SELECT sellipse '<{ 3d, 3d},( 50d, 6d), 90d>'   @ sellipse '<{5d,0d},(50d,-5d),90d>';
ERROR:  type "sellipse" does not exist
LINE 1: SELECT sellipse '<{ 3d, 3d},( 50d, 6d), 90d>'   @ sellipse '...
               ^
SELECT sellipse '<{ 3d, 3d},( 50d,-5d), 90d>'  && sellipse '<{5d,0d},(50d,-5d),90d>';
ERROR:  type "sellipse" does not exist
LINE 1: SELECT sellipse '<{ 3d, 3d},( 50d,-5d), 90d>'  && sellipse '...
               ^
SELECT sellipse '<{ 3d, 3d},( 50d,-8d), 90d>'  && sellipse '<{5d,0d},(50d,-5d),90d>';
ERROR:  type "sellipse" does not exist
LINE 1: SELECT sellipse '<{ 3d, 3d},( 50d,-8d), 90d>'  && sellipse '...
               ^
SELECT sellipse '<{ 3d, 3d},( 50d,-6d),  0d>'  && sellipse '<{5d,0d},(50d,-5d),90d>';
ERROR:  type "sellipse" does not exist
LINE 1: SELECT sellipse '<{ 3d, 3d},( 50d,-6d),  0d>'  && sellipse '...
               ^
SELECT sellipse '<{ 3d, 3d},( 50d, 6d), 90d>'  && sellipse '<{5d,0d},(50d,-5d),90d>';
ERROR:  type "sellipse" does not exist
LINE 1: SELECT sellipse '<{ 3d, 3d},( 50d, 6d), 90d>'  && sellipse '...
               ^
-- left ellipse is point         right ellipse is circle
SELECT sellipse '<{ 0d, 0d},( 50d,-5d),  0d>'   @ sellipse '<{5d,5d},(50d,-5d),90d>';
ERROR:  type "sellipse" does not exist
LINE 1: SELECT sellipse '<{ 0d, 0d},( 50d,-5d),  0d>'   @ sellipse '...
               ^
SELECT sellipse '<{ 0d, 0d},( 50d,-6d),  0d>'   @ sellipse '<{5d,5d},(50d,-5d),90d>';
ERROR:  type "sellipse" does not exist
LINE 1: SELECT sellipse '<{ 0d, 0d},( 50d,-6d),  0d>'   @ sellipse '...
               ^
SELECT sellipse '<{ 0d, 0d},( 50d, 6d),  0d>'   @ sellipse '<{5d,5d},(50d,-5d),90d>';
ERROR:  type "sellipse" does not exist
LINE 1: SELECT sellipse '<{ 0d, 0d},( 50d, 6d),  0d>'   @ sellipse '...
               ^
SELECT sellipse '<{ 0d, 0d},( 50d,-5d),  0d>'  && sellipse '<{5d,5d},(50d,-5d),90d>';
ERROR:  type "sellipse" does not exist
LINE 1: SELECT sellipse '<{ 0d, 0d},( 50d,-5d),  0d>'  && sellipse '...
               ^
SELECT sellipse '<{ 0d, 0d},( 50d,-6d),  0d>'  && sellipse '<{5d,5d},(50d,-5d),90d>';
ERROR:  type "sellipse" does not exist
LINE 1: SELECT sellipse '<{ 0d, 0d},( 50d,-6d),  0d>'  && sellipse '...
               ^
SELECT sellipse '<{ 0d, 0d},( 50d, 6d),  0d>'  && sellipse '<{5d,5d},(50d,-5d),90d>';
ERROR:  type "sellipse" does not exist
LINE 1: SELECT sellipse '<{ 0d, 0d},( 50d, 6d),  0d>'  && sellipse '...
               ^
-- left ellipse is line         right ellipse is circle
SELECT sellipse '<{ 5d, 0d},( 50d,-5d), 90d>'   @ sellipse '<{5d,5d},(50d,-5d),90d>';
ERROR:  type "sellipse" does not exist
LINE 1: SELECT sellipse '<{ 5d, 0d},( 50d,-5d), 90d>'   @ sellipse '...
               ^
SELECT sellipse '<{ 5d, 0d},( 50d,-6d), 90d>'   @ sellipse '<{5d,5d},(50d,-5d),90d>';
ERROR:  type "sellipse" does not exist
LINE 1: SELECT sellipse '<{ 5d, 0d},( 50d,-6d), 90d>'   @ sellipse '...
               ^
SELECT sellipse '<{ 5d, 0d},( 50d, 6d), 90d>'   @ sellipse '<{5d,5d},(50d,-5d),90d>';
ERROR:  type "sellipse" does not exist
LINE 1: SELECT sellipse '<{ 5d, 0d},( 50d, 6d), 90d>'   @ sellipse '...
               ^
SELECT sellipse '<{ 5d, 0d},( 50d,-5d), 90d>'  && sellipse '<{5d,5d},(50d,-5d),90d>';
ERROR:  type "sellipse" does not exist
LINE 1: SELECT sellipse '<{ 5d, 0d},( 50d,-5d), 90d>'  && sellipse '...
               ^
SELECT sellipse '<{ 5d, 0d},( 50d,-6d), 90d>'  && sellipse '<{5d,5d},(50d,-5d),90d>';
ERROR:  type "sellipse" does not exist
LINE 1: SELECT sellipse '<{ 5d, 0d},( 50d,-6d), 90d>'  && sellipse '...
               ^
SELECT sellipse '<{ 5d, 0d},( 50d, 6d), 90d>'  && sellipse '<{5d,5d},(50d,-5d),90d>';
ERROR:  type "sellipse" does not exist
LINE 1: SELECT sellipse '<{ 5d, 0d},( 50d, 6d), 90d>'  && sellipse '...
               ^
-- left ellipse is circle       right ellipse is circle
SELECT sellipse '<{ 3d, 3d},( 50d,-4d), 90d>'   @ sellipse '<{5d,5d},(50d,-5d),90d>';
ERROR:  type "sellipse" does not exist
LINE 1: SELECT sellipse '<{ 3d, 3d},( 50d,-4d), 90d>'   @ sellipse '...
               ^
SELECT sellipse '<{ 5d, 5d},( 50d,-5d), 90d>'   @ sellipse '<{5d,5d},(50d,-5d),90d>';
ERROR:  type "sellipse" does not exist
LINE 1: SELECT sellipse '<{ 5d, 5d},( 50d,-5d), 90d>'   @ sellipse '...
               ^
SELECT sellipse '<{ 5d, 5d},( 50d,-6d), 90d>'   @ sellipse '<{5d,5d},(50d,-5d),90d>';
ERROR:  type "sellipse" does not exist
LINE 1: SELECT sellipse '<{ 5d, 5d},( 50d,-6d), 90d>'   @ sellipse '...
               ^
SELECT sellipse '<{ 5d, 5d},( 50d, 6d), 90d>'   @ sellipse '<{5d,5d},(50d,-5d),90d>';
ERROR:  type "sellipse" does not exist
LINE 1: SELECT sellipse '<{ 5d, 5d},( 50d, 6d), 90d>'   @ sellipse '...
               ^
SELECT sellipse '<{ 3d, 3d},( 50d,-4d), 90d>'  && sellipse '<{5d,5d},(50d,-5d),90d>';
ERROR:  type "sellipse" does not exist
LINE 1: SELECT sellipse '<{ 3d, 3d},( 50d,-4d), 90d>'  && sellipse '...
               ^
SELECT sellipse '<{ 5d, 5d},( 50d,-5d), 90d>'  && sellipse '<{5d,5d},(50d,-5d),90d>';
ERROR:  type "sellipse" does not exist
LINE 1: SELECT sellipse '<{ 5d, 5d},( 50d,-5d), 90d>'  && sellipse '...
               ^
SELECT sellipse '<{ 5d, 5d},( 50d,-6d), 90d>'  && sellipse '<{5d,5d},(50d,-5d),90d>';
ERROR:  type "sellipse" does not exist
LINE 1: SELECT sellipse '<{ 5d, 5d},( 50d,-6d), 90d>'  && sellipse '...
               ^
SELECT sellipse '<{ 5d, 5d},( 50d, 6d), 90d>'  && sellipse '<{5d,5d},(50d,-5d),90d>';
ERROR:  type "sellipse" does not exist
LINE 1: SELECT sellipse '<{ 5d, 5d},( 50d, 6d), 90d>'  && sellipse '...
               ^
